
================== PID=-1
F=    -1 {   1/Orig} 'execve              ' ['/usr/bin/python', ['python', 'cobaye.py']] ==>> 0 (17:26:46,17:26:46)
F=    -1 {   1/Args} '(open+fstat+mmap+close)' ['/etc/ld.so.cache'] ==>> N/A (17:26:46,17:26:46)
F=    -1 {   1/Orig} 'open                ' ['/lib64/libpython2.7.so.1.0'] ==>> 3</usr/lib64/libpython2.7.so.1.0> (17:26:46,17:26:46)
F=    -1 {   1/Args} '(read+fstat+mmap+close)' ['/usr/lib64/libpython2.7.so.1.0'] ==>> N/A (17:26:46,17:26:46)
F=    -1 {   1/Orig} 'open                ' ['/lib64/libpthread.so.0'] ==>> 3</usr/lib64/libpthread-2.25.so> (17:26:46,17:26:46)
F=    -1 {   1/Args} '(read+fstat+mmap+close)' ['/usr/lib64/libpthread-2.25.so'] ==>> N/A (17:26:46,17:26:46)
F=    -1 {   1/Orig} 'open                ' ['/lib64/libdl.so.2'] ==>> 3</usr/lib64/libdl-2.25.so> (17:26:46,17:26:46)
F=    -1 {   1/Args} '(read+fstat+mmap+close)' ['/usr/lib64/libdl-2.25.so'] ==>> N/A (17:26:46,17:26:46)
F=    -1 {   1/Orig} 'open                ' ['/lib64/libutil.so.1'] ==>> 3</usr/lib64/libutil-2.25.so> (17:26:46,17:26:46)
F=    -1 {   1/Args} '(read+fstat+mmap+close)' ['/usr/lib64/libutil-2.25.so'] ==>> N/A (17:26:46,17:26:46)
F=    -1 {   1/Orig} 'open                ' ['/lib64/libm.so.6'] ==>> 3</usr/lib64/libm-2.25.so> (17:26:46,17:26:46)
F=    -1 {   1/Args} '(read+fstat+mmap+close)' ['/usr/lib64/libm-2.25.so'] ==>> N/A (17:26:46,17:26:46)
F=    -1 {   1/Orig} 'open                ' ['/lib64/libc.so.6'] ==>> 3</usr/lib64/libc-2.25.so> (17:26:46,17:26:46)
F=    -1 {   1/Args} '(read+fstat+mmap+close)' ['/usr/lib64/libc-2.25.so'] ==>> N/A (17:26:46,17:26:46)
F=    -1 {   1/Orig} 'munmap              ' [] ==>> 0 (17:26:46,17:26:46)
F=    -1 {   1/Args} '(ioctl+fstat)       ' ['/dev/pts/0'] ==>> N/A (17:26:46,17:26:46)
F=    -1 {   1/Orig} 'fstat               ' ['/home/rchateau/survol/Experimental/RetroBatch/mineit_python_cobaye.log'] ==>> 0 (17:26:46,17:26:46)
F=    -1 {   1/Args} '(open+fstat)        ' ['/usr/lib64/python2.7/site.py'] ==>> N/A (17:26:46,17:26:46)
F=    -1 {   1/Args} '(open+fstat+read+fstat+read+close)' ['/usr/lib64/python2.7/site.pyc'] ==>> N/A (17:26:46,17:26:46)
F=    -1 {   1/Args} '(open+fstat)        ' ['/usr/lib64/python2.7/os.py'] ==>> N/A (17:26:46,17:26:46)
F=    -1 {   1/Args} '(open+fstat+read+fstat+read+close)' ['/usr/lib64/python2.7/os.pyc'] ==>> N/A (17:26:46,17:26:46)
F=    -1 {   1/Args} '(open+fstat)        ' ['/usr/lib64/python2.7/posixpath.py'] ==>> N/A (17:26:46,17:26:46)
F=    -1 {   1/Args} '(open+fstat+read+fstat+read+close)' ['/usr/lib64/python2.7/posixpath.pyc'] ==>> N/A (17:26:46,17:26:46)
F=    -1 {   1/Args} '(open+fstat)        ' ['/usr/lib64/python2.7/stat.py'] ==>> N/A (17:26:46,17:26:46)
F=    -1 {   1/Args} '(open+fstat+read+fstat+read+close)' ['/usr/lib64/python2.7/stat.pyc'] ==>> N/A (17:26:46,17:26:46)
F=    -1 {   1/Orig} 'close               ' ['/usr/lib64/python2.7/stat.py'] ==>> 0 (17:26:46,17:26:46)
F=    -1 {   1/Args} '(open+fstat)        ' ['/usr/lib64/python2.7/genericpath.py'] ==>> N/A (17:26:46,17:26:46)
F=    -1 {   1/Args} '(open+fstat+read+fstat+read+close)' ['/usr/lib64/python2.7/genericpath.pyc'] ==>> N/A (17:26:46,17:26:46)
F=    -1 {   1/Orig} 'close               ' ['/usr/lib64/python2.7/genericpath.py'] ==>> 0 (17:26:46,17:26:46)
F=    -1 {   1/Args} '(open+fstat)        ' ['/usr/lib64/python2.7/warnings.py'] ==>> N/A (17:26:46,17:26:46)
F=    -1 {   1/Args} '(open+fstat+read+fstat+read+close)' ['/usr/lib64/python2.7/warnings.pyc'] ==>> N/A (17:26:46,17:26:46)
F=    -1 {   1/Args} '(open+fstat)        ' ['/usr/lib64/python2.7/linecache.py'] ==>> N/A (17:26:46,17:26:46)
F=    -1 {   1/Args} '(open+fstat+read+fstat+read+close)' ['/usr/lib64/python2.7/linecache.pyc'] ==>> N/A (17:26:46,17:26:46)
F=    -1 {   1/Orig} 'close               ' ['/usr/lib64/python2.7/linecache.py'] ==>> 0 (17:26:46,17:26:46)
F=    -1 {   1/Args} '(open+fstat)        ' ['/usr/lib64/python2.7/types.py'] ==>> N/A (17:26:46,17:26:46)
F=    -1 {   1/Args} '(open+fstat+read+fstat+read+close)' ['/usr/lib64/python2.7/types.pyc'] ==>> N/A (17:26:46,17:26:46)
F=    -1 {   1/Orig} 'close               ' ['/usr/lib64/python2.7/types.py'] ==>> 0 (17:26:46,17:26:46)
F=    -1 {   1/Orig} 'close               ' ['/usr/lib64/python2.7/warnings.py'] ==>> 0 (17:26:46,17:26:46)
F=    -1 {   1/Orig} 'close               ' ['/usr/lib64/python2.7/posixpath.py'] ==>> 0 (17:26:46,17:26:46)
F=    -1 {   1/Args} '(open+fstat)        ' ['/usr/lib64/python2.7/UserDict.py'] ==>> N/A (17:26:46,17:26:46)
F=    -1 {   1/Args} '(open+fstat+read+fstat+read+close)' ['/usr/lib64/python2.7/UserDict.pyc'] ==>> N/A (17:26:46,17:26:46)
F=    -1 {   1/Args} '(open+fstat)        ' ['/usr/lib64/python2.7/_abcoll.py'] ==>> N/A (17:26:46,17:26:46)
F=    -1 {   1/Args} '(open+fstat+read+fstat+read+close)' ['/usr/lib64/python2.7/_abcoll.pyc'] ==>> N/A (17:26:46,17:26:46)
F=    -1 {   1/Args} '(open+fstat)        ' ['/usr/lib64/python2.7/abc.py'] ==>> N/A (17:26:46,17:26:46)
F=    -1 {   1/Args} '(open+fstat+read+fstat+read+close)' ['/usr/lib64/python2.7/abc.pyc'] ==>> N/A (17:26:46,17:26:46)
F=    -1 {   1/Args} '(open+fstat)        ' ['/usr/lib64/python2.7/_weakrefset.py'] ==>> N/A (17:26:46,17:26:46)
F=    -1 {   1/Args} '(open+fstat+read+fstat+read+close)' ['/usr/lib64/python2.7/_weakrefset.pyc'] ==>> N/A (17:26:46,17:26:46)
F=    -1 {   1/Orig} 'close               ' ['/usr/lib64/python2.7/_weakrefset.py'] ==>> 0 (17:26:46,17:26:46)
F=    -1 {   1/Orig} 'close               ' ['/usr/lib64/python2.7/abc.py'] ==>> 0 (17:26:46,17:26:46)
F=    -1 {   1/Orig} 'close               ' ['/usr/lib64/python2.7/_abcoll.py'] ==>> 0 (17:26:46,17:26:46)
F=    -1 {   1/Orig} 'close               ' ['/usr/lib64/python2.7/UserDict.py'] ==>> 0 (17:26:46,17:26:46)
F=    -1 {   1/Args} '(open+fstat)        ' ['/usr/lib64/python2.7/copy_reg.py'] ==>> N/A (17:26:46,17:26:46)
F=    -1 {   1/Args} '(open+fstat+read+fstat+read+close)' ['/usr/lib64/python2.7/copy_reg.pyc'] ==>> N/A (17:26:46,17:26:46)
F=    -1 {   1/Orig} 'close               ' ['/usr/lib64/python2.7/copy_reg.py'] ==>> 0 (17:26:46,17:26:46)
F=    -1 {   1/Orig} 'close               ' ['/usr/lib64/python2.7/os.py'] ==>> 0 (17:26:46,17:26:46)
F=    -1 {   1/Args} '(open+fstat)        ' ['/usr/lib64/python2.7/traceback.py'] ==>> N/A (17:26:46,17:26:46)
F=    -1 {   1/Args} '(open+fstat+read+fstat+read+close)' ['/usr/lib64/python2.7/traceback.pyc'] ==>> N/A (17:26:46,17:26:46)
F=    -1 {   1/Orig} 'close               ' ['/usr/lib64/python2.7/traceback.py'] ==>> 0 (17:26:46,17:26:46)
F=    -1 {   1/Args} '(open+fstat)        ' ['/usr/lib64/python2.7/sysconfig.py'] ==>> N/A (17:26:46,17:26:46)
F=    -1 {   1/Args} '(open+fstat+read+fstat+read+close)' ['/usr/lib64/python2.7/sysconfig.pyc'] ==>> N/A (17:26:46,17:26:46)
F=    -1 {   1/Orig} 'close               ' ['/usr/lib64/python2.7/sysconfig.py'] ==>> 0 (17:26:46,17:26:46)
F=    -1 {   1/Args} '(open+fstat)        ' ['/usr/lib64/python2.7/re.py'] ==>> N/A (17:26:46,17:26:46)
F=    -1 {   1/Args} '(open+fstat+read+fstat+read+close)' ['/usr/lib64/python2.7/re.pyc'] ==>> N/A (17:26:46,17:26:46)
F=    -1 {   1/Args} '(open+fstat)        ' ['/usr/lib64/python2.7/sre_compile.py'] ==>> N/A (17:26:46,17:26:46)
F=    -1 {   1/Args} '(open+fstat+read+fstat+read+close)' ['/usr/lib64/python2.7/sre_compile.pyc'] ==>> N/A (17:26:46,17:26:46)
F=    -1 {   1/Args} '(open+fstat)        ' ['/usr/lib64/python2.7/sre_parse.py'] ==>> N/A (17:26:46,17:26:46)
F=    -1 {   1/Args} '(open+fstat+read+fstat+read+close)' ['/usr/lib64/python2.7/sre_parse.pyc'] ==>> N/A (17:26:46,17:26:46)
F=    -1 {   1/Args} '(open+fstat)        ' ['/usr/lib64/python2.7/sre_constants.py'] ==>> N/A (17:26:46,17:26:46)
F=    -1 {   1/Args} '(open+fstat+read+fstat+read+close)' ['/usr/lib64/python2.7/sre_constants.pyc'] ==>> N/A (17:26:46,17:26:46)
F=    -1 {   1/Orig} 'close               ' ['/usr/lib64/python2.7/sre_constants.py'] ==>> 0 (17:26:46,17:26:46)
F=    -1 {   1/Orig} 'close               ' ['/usr/lib64/python2.7/sre_parse.py'] ==>> 0 (17:26:46,17:26:46)
F=    -1 {   1/Orig} 'close               ' ['/usr/lib64/python2.7/sre_compile.py'] ==>> 0 (17:26:46,17:26:46)
F=    -1 {   1/Args} '(open+fstat+open+read+fstat+mmap+close)' ['/usr/lib64/python2.7/lib-dynload/_localemodule.so'] ==>> N/A (17:26:46,17:26:46)
F=    -1 {   1/Orig} 'close               ' ['/usr/lib64/python2.7/re.py'] ==>> 0 (17:26:46,17:26:46)
F=    -1 {   1/Args} '(open+fstat)        ' ['/usr/lib64/python2.7/_sysconfigdata.py'] ==>> N/A (17:26:46,17:26:46)
F=    -1 {   1/Args} '(open+fstat+read+fstat+read+close)' ['/usr/lib64/python2.7/_sysconfigdata.pyc'] ==>> N/A (17:26:46,17:26:46)
F=    -1 {   1/Orig} 'close               ' ['/usr/lib64/python2.7/_sysconfigdata.py'] ==>> 0 (17:26:46,17:26:46)
F=    -1 {   1/Args} '(open+fstat+getdents+close)' ['/usr/lib64/python2.7/site-packages'] ==>> N/A (17:26:46,17:26:46)
F=    -1 {   1/Args} '(open+fstat+getdents+close)' ['/usr/lib/python2.7/site-packages'] ==>> N/A (17:26:46,17:26:46)
F=    -1 {   1/Orig} 'close               ' ['/usr/lib64/python2.7/site.py'] ==>> 0 (17:26:46,17:26:46)
F=    -1 {   1/Args} '(open+fstat+mmap+close)' ['/usr/lib/locale/locale-archive'] ==>> N/A (17:26:46,17:26:46)
F=    -1 {   1/Orig} 'open                ' ['/usr/lib64/python2.7/encodings/__init__.py'] ==>> 3</usr/lib64/python2.7/encodings/__init__.py> (17:26:46,17:26:46)
F=    -1 {   1/Orig} 'fstat               ' ['/usr/lib64/python2.7/encodings/__init__.py'] ==>> 0 (17:26:46,17:26:46)
F=    -1 {   1/Orig} 'open                ' ['/usr/lib64/python2.7/encodings/__init__.pyc'] ==>> 4</usr/lib64/python2.7/encodings/__init__.pyc> (17:26:46,17:26:46)
F=    -1 {   1/Orig} 'fstat               ' ['/usr/lib64/python2.7/encodings/__init__.pyc'] ==>> 0 (17:26:46,17:26:46)
F=    -1 {   1/Orig} 'read                ' ['/usr/lib64/python2.7/encodings/__init__.pyc'] ==>> 4096 (17:26:46,17:26:46)
F=    -1 {   1/Orig} 'fstat               ' ['/usr/lib64/python2.7/encodings/__init__.pyc'] ==>> 0 (17:26:46,17:26:46)
F=    -1 {   2/Orig} 'read                ' ['/usr/lib64/python2.7/encodings/__init__.pyc'] ==>> 282 (17:26:46,17:26:46)
F=    -1 {   1/Orig} 'close               ' ['/usr/lib64/python2.7/encodings/__init__.pyc'] ==>> 0 (17:26:46,17:26:46)
F=    -1 {   1/Orig} 'open                ' ['/usr/lib64/python2.7/codecs.py'] ==>> 4</usr/lib64/python2.7/codecs.py> (17:26:46,17:26:46)
F=    -1 {   1/Orig} 'fstat               ' ['/usr/lib64/python2.7/codecs.py'] ==>> 0 (17:26:46,17:26:46)
F=    -1 {   1/Orig} 'open                ' ['/usr/lib64/python2.7/codecs.pyc'] ==>> 5</usr/lib64/python2.7/codecs.pyc> (17:26:46,17:26:46)
F=    -1 {   1/Orig} 'fstat               ' ['/usr/lib64/python2.7/codecs.pyc'] ==>> 0 (17:26:46,17:26:46)
F=    -1 {   1/Orig} 'read                ' ['/usr/lib64/python2.7/codecs.pyc'] ==>> 4096 (17:26:46,17:26:46)
F=    -1 {   1/Orig} 'fstat               ' ['/usr/lib64/python2.7/codecs.pyc'] ==>> 0 (17:26:46,17:26:46)
F=    -1 {   3/Orig} 'read                ' ['/usr/lib64/python2.7/codecs.pyc'] ==>> 28672 (17:26:46,17:26:46)
F=    -1 {   1/Orig} 'close               ' ['/usr/lib64/python2.7/codecs.pyc'] ==>> 0 (17:26:46,17:26:46)
F=    -1 {   1/Orig} 'close               ' ['/usr/lib64/python2.7/codecs.py'] ==>> 0 (17:26:46,17:26:46)
F=    -1 {   1/Orig} 'open                ' ['/usr/lib64/python2.7/encodings/aliases.py'] ==>> 4</usr/lib64/python2.7/encodings/aliases.py> (17:26:46,17:26:46)
F=    -1 {   1/Orig} 'fstat               ' ['/usr/lib64/python2.7/encodings/aliases.py'] ==>> 0 (17:26:46,17:26:46)
F=    -1 {   1/Orig} 'open                ' ['/usr/lib64/python2.7/encodings/aliases.pyc'] ==>> 5</usr/lib64/python2.7/encodings/aliases.pyc> (17:26:46,17:26:46)
F=    -1 {   1/Orig} 'fstat               ' ['/usr/lib64/python2.7/encodings/aliases.pyc'] ==>> 0 (17:26:46,17:26:46)
F=    -1 {   1/Orig} 'read                ' ['/usr/lib64/python2.7/encodings/aliases.pyc'] ==>> 4096 (17:26:46,17:26:46)
F=    -1 {   1/Orig} 'fstat               ' ['/usr/lib64/python2.7/encodings/aliases.pyc'] ==>> 0 (17:26:46,17:26:46)
F=    -1 {   3/Orig} 'read                ' ['/usr/lib64/python2.7/encodings/aliases.pyc'] ==>> 4096 (17:26:46,17:26:46)
F=    -1 {   1/Orig} 'close               ' ['/usr/lib64/python2.7/encodings/aliases.pyc'] ==>> 0 (17:26:46,17:26:46)
F=    -1 {   1/Orig} 'close               ' ['/usr/lib64/python2.7/encodings/aliases.py'] ==>> 0 (17:26:46,17:26:46)
F=    -1 {   1/Orig} 'close               ' ['/usr/lib64/python2.7/encodings/__init__.py'] ==>> 0 (17:26:46,17:26:46)
F=    -1 {   1/Orig} 'open                ' ['/usr/lib64/python2.7/encodings/utf_8.py'] ==>> 3</usr/lib64/python2.7/encodings/utf_8.py> (17:26:46,17:26:46)
F=    -1 {   1/Orig} 'fstat               ' ['/usr/lib64/python2.7/encodings/utf_8.py'] ==>> 0 (17:26:46,17:26:46)
F=    -1 {   1/Orig} 'open                ' ['/usr/lib64/python2.7/encodings/utf_8.pyc'] ==>> 4</usr/lib64/python2.7/encodings/utf_8.pyc> (17:26:46,17:26:46)
F=    -1 {   1/Orig} 'fstat               ' ['/usr/lib64/python2.7/encodings/utf_8.pyc'] ==>> 0 (17:26:46,17:26:46)
F=    -1 {   1/Orig} 'read                ' ['/usr/lib64/python2.7/encodings/utf_8.pyc'] ==>> 1966 (17:26:46,17:26:46)
F=    -1 {   1/Orig} 'fstat               ' ['/usr/lib64/python2.7/encodings/utf_8.pyc'] ==>> 0 (17:26:46,17:26:46)
F=    -1 {   1/Orig} 'read                ' ['/usr/lib64/python2.7/encodings/utf_8.pyc'] ==>> 0 (17:26:46,17:26:46)
F=    -1 {   1/Orig} 'close               ' ['/usr/lib64/python2.7/encodings/utf_8.pyc'] ==>> 0 (17:26:46,17:26:46)
F=    -1 {   1/Orig} 'close               ' ['/usr/lib64/python2.7/encodings/utf_8.py'] ==>> 0 (17:26:46,17:26:46)
F=    -1 {   2/Orig} 'ioctl               ' ['/dev/pts/0'] ==>> 0 (17:26:46,17:26:46)
F=    -1 {   1/Orig} 'ioctl               ' ['/home/rchateau/survol/Experimental/RetroBatch/mineit_python_cobaye.log'] ==>> -1 ENOTTY (Inappropriate ioctl for device) (17:26:46,17:26:46)
F=    -1 {   1/Orig} 'open                ' ['cobaye.py'] ==>> 3</home/rchateau/survol/Experimental/RetroBatch/cobaye.py> (17:26:46,17:26:46)
F=    -1 {   2/Orig} 'fstat               ' ['/home/rchateau/survol/Experimental/RetroBatch/cobaye.py'] ==>> 0 (17:26:46,17:26:46)
F=    -1 {   2/Orig} 'read                ' ['/home/rchateau/survol/Experimental/RetroBatch/cobaye.py'] ==>> 110 (17:26:46,17:26:46)
F=    -1 {   1/Orig} 'close               ' ['/home/rchateau/survol/Experimental/RetroBatch/cobaye.py'] ==>> 0 (17:26:46,17:26:46)
F=    -1 {   1/Orig} 'open                ' ['cobaye.py'] ==>> 3</home/rchateau/survol/Experimental/RetroBatch/cobaye.py> (17:26:46,17:26:46)
F=    -1 {   1/Orig} 'fstat               ' ['/home/rchateau/survol/Experimental/RetroBatch/cobaye.py'] ==>> 0 (17:26:46,17:26:46)
F=    -1 {   1/Orig} 'ioctl               ' ['/home/rchateau/survol/Experimental/RetroBatch/cobaye.py'] ==>> -1 ENOTTY (Inappropriate ioctl for device) (17:26:46,17:26:46)
F=    -1 {   1/Orig} 'fstat               ' ['/home/rchateau/survol/Experimental/RetroBatch/cobaye.py'] ==>> 0 (17:26:46,17:26:46)
F=    -1 {   3/Orig} 'read                ' ['/home/rchateau/survol/Experimental/RetroBatch/cobaye.py'] ==>> 132 (17:26:46,17:26:46)
F=    -1 {   1/Orig} 'close               ' ['/home/rchateau/survol/Experimental/RetroBatch/cobaye.py'] ==>> 0 (17:26:46,17:26:46)
F=    -1 {   1/Orig} 'fstat               ' ['/dev/pts/0'] ==>> 0 (17:26:46,17:26:46)
F=    -1 {   1/Orig} 'write               ' ['/dev/pts/0'] ==>> 10 (17:26:46,17:26:46)
F=    -1 {   1/Orig} 'exit_group          ' [] ==>>  (17:26:46,17:26:46)
