
================== PID=-1
F=    -1 {   1/Orig} 'execve              ' ['/usr/bin/vim', ['vim', 'titi']] ==>> 0 (07:43:14,07:43:14)
F=    -1 {   1/Args} '(open+fstat+mmap+close)' ['/etc/ld.so.cache'] ==>> N/A (07:43:14,07:43:14)
F=    -1 {   1/Orig} 'open                ' ['/lib64/libm.so.6'] ==>> 3</usr/lib64/libm-2.25.so> (07:43:14,07:43:14)
F=    -1 {   1/Args} '(read+fstat+mmap+close)' ['/usr/lib64/libm-2.25.so'] ==>> N/A (07:43:14,07:43:14)
F=    -1 {   1/Orig} 'open                ' ['/lib64/libselinux.so.1'] ==>> 3</usr/lib64/libselinux.so.1> (07:43:14,07:43:14)
F=    -1 {   1/Args} '(read+fstat+mmap+close)' ['/usr/lib64/libselinux.so.1'] ==>> N/A (07:43:14,07:43:14)
F=    -1 {   1/Orig} 'open                ' ['/lib64/libtinfo.so.6'] ==>> 3</usr/lib64/libtinfo.so.6.0> (07:43:14,07:43:14)
F=    -1 {   1/Args} '(read+fstat+mmap+close)' ['/usr/lib64/libtinfo.so.6.0'] ==>> N/A (07:43:14,07:43:14)
F=    -1 {   1/Orig} 'open                ' ['/lib64/libacl.so.1'] ==>> 3</usr/lib64/libacl.so.1.1.0> (07:43:14,07:43:14)
F=    -1 {   1/Args} '(read+fstat+mmap+close)' ['/usr/lib64/libacl.so.1.1.0'] ==>> N/A (07:43:14,07:43:14)
F=    -1 {   1/Orig} 'open                ' ['/lib64/libgpm.so.2'] ==>> 3</usr/lib64/libgpm.so.2.1.0> (07:43:14,07:43:14)
F=    -1 {   1/Args} '(read+fstat+mmap+close)' ['/usr/lib64/libgpm.so.2.1.0'] ==>> N/A (07:43:14,07:43:14)
F=    -1 {   1/Orig} 'open                ' ['/lib64/libdl.so.2'] ==>> 3</usr/lib64/libdl-2.25.so> (07:43:14,07:43:14)
F=    -1 {   1/Args} '(read+fstat+mmap+close)' ['/usr/lib64/libdl-2.25.so'] ==>> N/A (07:43:14,07:43:14)
F=    -1 {   1/Orig} 'open                ' ['/lib64/libpthread.so.0'] ==>> 3</usr/lib64/libpthread-2.25.so> (07:43:14,07:43:14)
F=    -1 {   1/Args} '(read+fstat+mmap+close)' ['/usr/lib64/libpthread-2.25.so'] ==>> N/A (07:43:14,07:43:14)
F=    -1 {   1/Orig} 'open                ' ['/lib64/libc.so.6'] ==>> 3</usr/lib64/libc-2.25.so> (07:43:14,07:43:14)
F=    -1 {   1/Args} '(read+fstat+mmap+close)' ['/usr/lib64/libc-2.25.so'] ==>> N/A (07:43:14,07:43:14)
F=    -1 {   1/Orig} 'open                ' ['/lib64/libpcre.so.1'] ==>> 3</usr/lib64/libpcre.so.1.2.8> (07:43:14,07:43:14)
F=    -1 {   1/Args} '(read+fstat+mmap+close)' ['/usr/lib64/libpcre.so.1.2.8'] ==>> N/A (07:43:14,07:43:14)
F=    -1 {   1/Orig} 'open                ' ['/lib64/libattr.so.1'] ==>> 3</usr/lib64/libattr.so.1.1.0> (07:43:14,07:43:14)
F=    -1 {   1/Args} '(read+fstat+mmap+close)' ['/usr/lib64/libattr.so.1.1.0'] ==>> N/A (07:43:14,07:43:14)
F=    -1 {   1/Orig} 'open                ' ['/lib64/libncurses.so.6'] ==>> 3</usr/lib64/libncurses.so.6.0> (07:43:14,07:43:14)
F=    -1 {   1/Args} '(read+fstat+mmap+close)' ['/usr/lib64/libncurses.so.6.0'] ==>> N/A (07:43:14,07:43:14)
F=    -1 {   1/Orig} 'munmap              ' [] ==>> 0 (07:43:14,07:43:14)
F=    -1 {   1/Args} '(open+fstat+mmap+close)' ['/usr/lib/locale/locale-archive'] ==>> N/A (07:43:14,07:43:14)
F=    -1 {   1/Orig} 'ioctl               ' ['/dev/pts/2'] ==>> 0 (07:43:14,07:43:14)
F=    -1 {   1/Args} '(open+fstat)        ' ['/usr/share/locale/locale.alias'] ==>> N/A (07:43:14,07:43:14)
F=    -1 {   1/Rept} '(read+close+ioctl+open+fstat+read+close+ioctl)' ['/usr/share/locale/locale.alias', '/dev/pts/2', '/usr/share/terminfo/x/xterm'] ==>> N/A (07:43:14,07:43:14)
F=    -1 {   1/Rept} '(open+fchdir)       ' ['.', '/home/rchateau/survol/Experimental/RetroBatch'] ==>> N/A (07:43:14,07:43:14)
F=    -1 {   1/Orig} 'close               ' ['/home/rchateau/survol/Experimental/RetroBatch'] ==>> 0 (07:43:14,07:43:14)
F=    -1 {   1/Args} '(open+fcntl+fstat)  ' ['/etc/vimrc'] ==>> N/A (07:43:14,07:43:14)
F=    -1 {   1/Rept} '(read+open+fchdir+close+open+fcntl+fstat+read)' ['/etc/vimrc', '.', '/home/rchateau/survol/Experimental/RetroBatch', '/usr/share/vim/vim80/syntax/syntax.vim'] ==>> N/A (07:43:14,07:43:14)
F=    -1 {   1/Rept} '(open+fchdir)       ' ['.', '/home/rchateau/survol/Experimental/RetroBatch'] ==>> N/A (07:43:14,07:43:14)
F=    -1 {   1/Orig} 'close               ' ['/home/rchateau/survol/Experimental/RetroBatch'] ==>> 0 (07:43:14,07:43:14)
F=    -1 {   1/Args} '(open+fcntl+fstat+read)' ['/usr/share/vim/vim80/syntax/synload.vim'] ==>> N/A (07:43:14,07:43:14)
F=    -1 {   1/Rept} '(open+fchdir)       ' ['.', '/home/rchateau/survol/Experimental/RetroBatch'] ==>> N/A (07:43:14,07:43:14)
F=    -1 {   1/Orig} 'close               ' ['/home/rchateau/survol/Experimental/RetroBatch'] ==>> 0 (07:43:14,07:43:14)
F=    -1 {   1/Args} '(open+fcntl+fstat+read)' ['/usr/share/vim/vim80/syntax/syncolor.vim'] ==>> N/A (07:43:14,07:43:14)
F=    -1 {   1/Rept} '(open+fstat+read+close+read+close+read+close)' ['/usr/share/vim/vim80/rgb.txt', '/usr/share/vim/vim80/syntax/syncolor.vim', '/usr/share/vim/vim80/syntax/synload.vim'] ==>> N/A (07:43:14,07:43:14)
F=    -1 {   1/Rept} '(open+fchdir)       ' ['.', '/home/rchateau/survol/Experimental/RetroBatch'] ==>> N/A (07:43:14,07:43:14)
F=    -1 {   1/Orig} 'close               ' ['/home/rchateau/survol/Experimental/RetroBatch'] ==>> 0 (07:43:14,07:43:14)
F=    -1 {   1/Args} '(open+fcntl+fstat+read)' ['/usr/share/vim/vim80/filetype.vim'] ==>> N/A (07:43:14,07:43:14)
F=    -1 {   1/Orig} 'open                ' ['/usr/share/vim/vimfiles/ftdetect/'] ==>> 6</usr/share/vim/vimfiles/ftdetect> (07:43:14,07:43:14)
F=    -1 {   1/Args} '(fstat+getdents+close)' ['/usr/share/vim/vimfiles/ftdetect'] ==>> N/A (07:43:14,07:43:14)
F=    -1 {   1/Rept} '(open+fstat+getdents+close+read+close+read+close)' ['/usr/share/vim/vimfiles/after/ftdetect/', '/usr/share/vim/vimfiles/after/ftdetect', '/usr/share/vim/vim80/filetype.vim', '/usr/share/vim/vim80/syntax/syntax.vim'] ==>> N/A (07:43:14,07:43:14)
F=    -1 {   1/Rept} '(open+fchdir)       ' ['.', '/home/rchateau/survol/Experimental/RetroBatch'] ==>> N/A (07:43:14,07:43:14)
F=    -1 {   1/Orig} 'close               ' ['/home/rchateau/survol/Experimental/RetroBatch'] ==>> 0 (07:43:14,07:43:14)
F=    -1 {   1/Args} '(open+fcntl+fstat+read+close)' ['/usr/share/vim/vim80/filetype.vim'] ==>> N/A (07:43:14,07:43:14)
F=    -1 {   1/Rept} '(open+fchdir)       ' ['.', '/home/rchateau/survol/Experimental/RetroBatch'] ==>> N/A (07:43:14,07:43:14)
F=    -1 {   1/Rept} '(close+open+fcntl+fstat+read+close+read+close)' ['/home/rchateau/survol/Experimental/RetroBatch', '/usr/share/vim/vim80/ftplugin.vim', '/etc/vimrc'] ==>> N/A (07:43:14,07:43:14)
F=    -1 {   1/Args} '((open+fchdir+close)+(open+fchdir))' ['.', '/home/rchateau/survol/Experimental/RetroBatch'] ==>> N/A (07:43:14,07:43:14)
F=    -1 {   1/Orig} 'close               ' ['/home/rchateau/survol/Experimental/RetroBatch'] ==>> 0 (07:43:14,07:43:14)
F=    -1 {   1/Rept} '(open+fchdir)       ' ['.', '/home/rchateau/survol/Experimental/RetroBatch'] ==>> N/A (07:43:14,07:43:14)
F=    -1 {   1/Rept} '(close+open+fchdir+close+open+fcntl+fstat+read)' ['/home/rchateau/survol/Experimental/RetroBatch', '.', '/usr/share/vim/vim80/defaults.vim'] ==>> N/A (07:43:14,07:43:14)
F=    -1 {   1/Rept} '(open+fchdir)       ' ['.', '/home/rchateau/survol/Experimental/RetroBatch'] ==>> N/A (07:43:14,07:43:14)
F=    -1 {   1/Orig} 'close               ' ['/home/rchateau/survol/Experimental/RetroBatch'] ==>> 0 (07:43:14,07:43:14)
F=    -1 {   1/Args} '(open+fcntl+fstat+read)' ['/usr/share/vim/vim80/syntax/syntax.vim'] ==>> N/A (07:43:14,07:43:14)
F=    -1 {   1/Rept} '(open+fchdir)       ' ['.', '/home/rchateau/survol/Experimental/RetroBatch'] ==>> N/A (07:43:14,07:43:14)
F=    -1 {   1/Orig} 'close               ' ['/home/rchateau/survol/Experimental/RetroBatch'] ==>> 0 (07:43:14,07:43:14)
F=    -1 {   1/Args} '(open+fcntl+fstat+read)' ['/usr/share/vim/vim80/syntax/nosyntax.vim'] ==>> N/A (07:43:14,07:43:14)
F=    -1 {   1/Rept} '(close+open+fchdir+close+open+fcntl+fstat+read)' ['/usr/share/vim/vim80/syntax/nosyntax.vim', '.', '/home/rchateau/survol/Experimental/RetroBatch', '/usr/share/vim/vim80/syntax/synload.vim'] ==>> N/A (07:43:14,07:43:14)
F=    -1 {   1/Rept} '(open+fchdir)       ' ['.', '/home/rchateau/survol/Experimental/RetroBatch'] ==>> N/A (07:43:14,07:43:14)
F=    -1 {   1/Orig} 'close               ' ['/home/rchateau/survol/Experimental/RetroBatch'] ==>> 0 (07:43:14,07:43:14)
F=    -1 {   1/Orig} 'open                ' ['/usr/share/vim/vim80/syntax/syncolor.vim'] ==>> 6</usr/share/vim/vim80/syntax/syncolor.vim> (07:43:14,07:43:14)
F=    -1 {   1/Rept} '(fcntl+fstat+read+close+read+close+read+close)' ['/usr/share/vim/vim80/syntax/syncolor.vim', '/usr/share/vim/vim80/syntax/synload.vim', '/usr/share/vim/vim80/syntax/syntax.vim'] ==>> N/A (07:43:14,07:43:14)
F=    -1 {   1/Rept} '(open+fchdir)       ' ['.', '/home/rchateau/survol/Experimental/RetroBatch'] ==>> N/A (07:43:14,07:43:14)
F=    -1 {   1/Orig} 'close               ' ['/home/rchateau/survol/Experimental/RetroBatch'] ==>> 0 (07:43:14,07:43:14)
F=    -1 {   1/Args} '(open+fcntl+fstat+read+close)' ['/usr/share/vim/vim80/filetype.vim'] ==>> N/A (07:43:14,07:43:14)
F=    -1 {   1/Rept} '(open+fchdir+close+open+fcntl+fstat+read+close)' ['.', '/home/rchateau/survol/Experimental/RetroBatch', '/usr/share/vim/vim80/ftplugin.vim'] ==>> N/A (07:43:14,07:43:14)
F=    -1 {   1/Rept} '(open+fchdir)       ' ['.', '/home/rchateau/survol/Experimental/RetroBatch'] ==>> N/A (07:43:14,07:43:14)
F=    -1 {   1/Orig} 'close               ' ['/home/rchateau/survol/Experimental/RetroBatch'] ==>> 0 (07:43:14,07:43:14)
F=    -1 {   1/Args} '(open+fcntl+fstat+read+close)' ['/usr/share/vim/vim80/indent.vim'] ==>> N/A (07:43:14,07:43:14)
F=    -1 {   1/Args} '(read+close)        ' ['/usr/share/vim/vim80/defaults.vim'] ==>> N/A (07:43:14,07:43:14)
F=    -1 {   1/Orig} 'open                ' ['/usr/share/vim/vim80/pack/'] ==>> 3</usr/share/vim/vim80/pack> (07:43:14,07:43:14)
F=    -1 {   1/Args} '(fstat+getdents+close)' ['/usr/share/vim/vim80/pack'] ==>> N/A (07:43:14,07:43:14)
F=    -1 {   1/Orig} 'open                ' ['/usr/share/vim/vimfiles/plugin/'] ==>> 3</usr/share/vim/vimfiles/plugin> (07:43:14,07:43:14)
F=    -1 {   1/Args} '(fstat+getdents+close)' ['/usr/share/vim/vimfiles/plugin'] ==>> N/A (07:43:14,07:43:14)
F=    -1 {   1/Orig} 'open                ' ['/usr/share/vim/vimfiles/plugin/'] ==>> 3</usr/share/vim/vimfiles/plugin> (07:43:14,07:43:14)
F=    -1 {   1/Args} '(fstat+getdents+close)' ['/usr/share/vim/vimfiles/plugin'] ==>> N/A (07:43:14,07:43:14)
F=    -1 {   1/Orig} 'open                ' ['/usr/share/vim/vim80/plugin/'] ==>> 3</usr/share/vim/vim80/plugin> (07:43:14,07:43:14)
F=    -1 {   1/Args} '(fstat+getdents+close)' ['/usr/share/vim/vim80/plugin'] ==>> N/A (07:43:14,07:43:14)
F=    -1 {   1/Orig} 'open                ' ['/usr/share/vim/vim80/plugin/'] ==>> 3</usr/share/vim/vim80/plugin> (07:43:14,07:43:14)
F=    -1 {   1/Args} '(fstat+getdents)    ' ['/usr/share/vim/vim80/plugin'] ==>> N/A (07:43:14,07:43:14)
F=    -1 {   2/Orig} 'open                ' ['/usr/share/vim/vim80/plugin/gzip.vim/'] ==>> -1 ENOTDIR (Not a directory) (07:43:14,07:43:14)
F=    -1 {   2/Orig} 'open                ' ['/usr/share/vim/vim80/plugin/tohtml.vim/'] ==>> -1 ENOTDIR (Not a directory) (07:43:14,07:43:14)
F=    -1 {   2/Orig} 'open                ' ['/usr/share/vim/vim80/plugin/README.txt/'] ==>> -1 ENOTDIR (Not a directory) (07:43:14,07:43:14)
F=    -1 {   2/Orig} 'open                ' ['/usr/share/vim/vim80/plugin/rrhelper.vim/'] ==>> -1 ENOTDIR (Not a directory) (07:43:14,07:43:14)
F=    -1 {   2/Orig} 'open                ' ['/usr/share/vim/vim80/plugin/getscriptPlugin.vim/'] ==>> -1 ENOTDIR (Not a directory) (07:43:14,07:43:14)
F=    -1 {   2/Orig} 'open                ' ['/usr/share/vim/vim80/plugin/matchparen.vim/'] ==>> -1 ENOTDIR (Not a directory) (07:43:14,07:43:14)
F=    -1 {   2/Orig} 'open                ' ['/usr/share/vim/vim80/plugin/netrwPlugin.vim/'] ==>> -1 ENOTDIR (Not a directory) (07:43:14,07:43:14)
F=    -1 {   1/Rept} '(open+open+open+open+open+open+getdents+close)' ['/usr/share/vim/vim80/plugin/vimballPlugin.vim/', '/usr/share/vim/vim80/plugin/logiPat.vim/', '/usr/share/vim/vim80/plugin/zipPlugin.vim/', '/usr/share/vim/vim80/plugin/tarPlugin.vim/', '/usr/share/vim/vim80/plugin/spellfile.vim/', '/usr/share/vim/vim80/plugin/manpager.vim/', '/usr/share/vim/vim80/plugin'] ==>> N/A (07:43:14,07:43:14)
F=    -1 {   1/Rept} '(open+fchdir)       ' ['.', '/home/rchateau/survol/Experimental/RetroBatch'] ==>> N/A (07:43:14,07:43:14)
F=    -1 {   1/Orig} 'close               ' ['/home/rchateau/survol/Experimental/RetroBatch'] ==>> 0 (07:43:14,07:43:14)
F=    -1 {   1/Args} '(open+fcntl+fstat+read+close)' ['/usr/share/vim/vim80/plugin/getscriptPlugin.vim'] ==>> N/A (07:43:14,07:43:14)
F=    -1 {   1/Rept} '(open+fchdir)       ' ['.', '/home/rchateau/survol/Experimental/RetroBatch'] ==>> N/A (07:43:14,07:43:14)
F=    -1 {   1/Orig} 'close               ' ['/home/rchateau/survol/Experimental/RetroBatch'] ==>> 0 (07:43:14,07:43:14)
F=    -1 {   1/Args} '(open+fcntl+fstat+read+close)' ['/usr/share/vim/vim80/plugin/gzip.vim'] ==>> N/A (07:43:14,07:43:14)
F=    -1 {   1/Rept} '(open+fchdir)       ' ['.', '/home/rchateau/survol/Experimental/RetroBatch'] ==>> N/A (07:43:14,07:43:14)
F=    -1 {   1/Orig} 'close               ' ['/home/rchateau/survol/Experimental/RetroBatch'] ==>> 0 (07:43:14,07:43:14)
F=    -1 {   1/Args} '(open+fcntl+fstat+read+close)' ['/usr/share/vim/vim80/plugin/logiPat.vim'] ==>> N/A (07:43:14,07:43:14)
F=    -1 {   1/Rept} '(open+fchdir)       ' ['.', '/home/rchateau/survol/Experimental/RetroBatch'] ==>> N/A (07:43:14,07:43:14)
F=    -1 {   1/Orig} 'close               ' ['/home/rchateau/survol/Experimental/RetroBatch'] ==>> 0 (07:43:14,07:43:14)
F=    -1 {   1/Args} '(open+fcntl+fstat+read+close)' ['/usr/share/vim/vim80/plugin/manpager.vim'] ==>> N/A (07:43:14,07:43:14)
F=    -1 {   1/Rept} '(open+fchdir)       ' ['.', '/home/rchateau/survol/Experimental/RetroBatch'] ==>> N/A (07:43:14,07:43:14)
F=    -1 {   1/Orig} 'close               ' ['/home/rchateau/survol/Experimental/RetroBatch'] ==>> 0 (07:43:14,07:43:14)
F=    -1 {   1/Args} '(open+fcntl+fstat+read+close)' ['/usr/share/vim/vim80/plugin/matchparen.vim'] ==>> N/A (07:43:14,07:43:14)
F=    -1 {   1/Rept} '(open+fchdir)       ' ['.', '/home/rchateau/survol/Experimental/RetroBatch'] ==>> N/A (07:43:14,07:43:14)
F=    -1 {   1/Orig} 'close               ' ['/home/rchateau/survol/Experimental/RetroBatch'] ==>> 0 (07:43:14,07:43:14)
F=    -1 {   1/Args} '(open+fcntl+fstat+read+close)' ['/usr/share/vim/vim80/plugin/netrwPlugin.vim'] ==>> N/A (07:43:14,07:43:14)
F=    -1 {   1/Rept} '(open+fchdir)       ' ['.', '/home/rchateau/survol/Experimental/RetroBatch'] ==>> N/A (07:43:14,07:43:14)
F=    -1 {   1/Orig} 'close               ' ['/home/rchateau/survol/Experimental/RetroBatch'] ==>> 0 (07:43:14,07:43:14)
F=    -1 {   1/Args} '(open+fcntl+fstat+read+close)' ['/usr/share/vim/vim80/plugin/rrhelper.vim'] ==>> N/A (07:43:14,07:43:14)
F=    -1 {   1/Rept} '(open+fchdir)       ' ['.', '/home/rchateau/survol/Experimental/RetroBatch'] ==>> N/A (07:43:14,07:43:14)
F=    -1 {   1/Orig} 'close               ' ['/home/rchateau/survol/Experimental/RetroBatch'] ==>> 0 (07:43:14,07:43:14)
F=    -1 {   1/Args} '(open+fcntl+fstat+read+close)' ['/usr/share/vim/vim80/plugin/spellfile.vim'] ==>> N/A (07:43:14,07:43:14)
F=    -1 {   1/Rept} '(open+fchdir)       ' ['.', '/home/rchateau/survol/Experimental/RetroBatch'] ==>> N/A (07:43:14,07:43:14)
F=    -1 {   1/Orig} 'close               ' ['/home/rchateau/survol/Experimental/RetroBatch'] ==>> 0 (07:43:14,07:43:14)
F=    -1 {   1/Args} '(open+fcntl+fstat+read+close)' ['/usr/share/vim/vim80/plugin/tarPlugin.vim'] ==>> N/A (07:43:14,07:43:14)
F=    -1 {   1/Rept} '(open+fchdir)       ' ['.', '/home/rchateau/survol/Experimental/RetroBatch'] ==>> N/A (07:43:14,07:43:14)
F=    -1 {   1/Orig} 'close               ' ['/home/rchateau/survol/Experimental/RetroBatch'] ==>> 0 (07:43:14,07:43:14)
F=    -1 {   1/Args} '(open+fcntl+fstat+read+close)' ['/usr/share/vim/vim80/plugin/tohtml.vim'] ==>> N/A (07:43:14,07:43:14)
F=    -1 {   1/Rept} '(open+fchdir)       ' ['.', '/home/rchateau/survol/Experimental/RetroBatch'] ==>> N/A (07:43:14,07:43:14)
F=    -1 {   1/Orig} 'close               ' ['/home/rchateau/survol/Experimental/RetroBatch'] ==>> 0 (07:43:14,07:43:14)
F=    -1 {   1/Args} '(open+fcntl+fstat+read+close)' ['/usr/share/vim/vim80/plugin/vimballPlugin.vim'] ==>> N/A (07:43:14,07:43:14)
F=    -1 {   1/Rept} '(open+fchdir)       ' ['.', '/home/rchateau/survol/Experimental/RetroBatch'] ==>> N/A (07:43:14,07:43:14)
F=    -1 {   1/Orig} 'close               ' ['/home/rchateau/survol/Experimental/RetroBatch'] ==>> 0 (07:43:14,07:43:14)
F=    -1 {   1/Args} '(open+fcntl+fstat+read+close)' ['/usr/share/vim/vim80/plugin/zipPlugin.vim'] ==>> N/A (07:43:14,07:43:14)
F=    -1 {   1/Orig} 'open                ' ['/usr/share/vim/vim80/pack/'] ==>> 3</usr/share/vim/vim80/pack> (07:43:14,07:43:14)
F=    -1 {   1/Args} '(fstat+getdents+close)' ['/usr/share/vim/vim80/pack'] ==>> N/A (07:43:14,07:43:14)
F=    -1 {   1/Orig} 'open                ' ['/usr/share/vim/vimfiles/after/plugin/'] ==>> 3</usr/share/vim/vimfiles/after/plugin> (07:43:14,07:43:14)
F=    -1 {   1/Args} '(fstat+getdents+close)' ['/usr/share/vim/vimfiles/after/plugin'] ==>> N/A (07:43:14,07:43:14)
F=    -1 {   1/Rept} '(open+fstat+getdents+close+open+fstat+read+close)' ['/usr/share/vim/vimfiles/after/plugin/', '/usr/share/vim/vimfiles/after/plugin', '/home/rchateau/.viminfo'] ==>> N/A (07:43:14,07:43:14)
F=    -1 {   1/Args} '((ioctl+write)+ioctl)' ['/dev/pts/2'] ==>> N/A (07:43:14,07:43:14)
F=    -1 {   1/Orig} 'socket              ' ['3<UNIX:[2038143]>'] ==>> 3<UNIX:[2038143]> (07:43:14,07:43:14)
F=    -1 {   1/Orig} 'connect             ' ['UNIX:[2038143]', {'sa_family': 'AF_UNIX', 'sun_path': '/var/run/nscd/socket'}] ==>> -1 ENOENT (No such file or directory) (07:43:14,07:43:14)
F=    -1 {   1/Orig} 'close               ' ['UNIX:[2038143]'] ==>> 0 (07:43:14,07:43:14)
F=    -1 {   1/Orig} 'socket              ' ['3<UNIX:[2038147]>'] ==>> 3<UNIX:[2038147]> (07:43:14,07:43:14)
F=    -1 {   1/Orig} 'connect             ' ['UNIX:[2038147]', {'sa_family': 'AF_UNIX', 'sun_path': '/var/run/nscd/socket'}] ==>> -1 ENOENT (No such file or directory) (07:43:14,07:43:14)
F=    -1 {   1/Orig} 'close               ' ['UNIX:[2038147]'] ==>> 0 (07:43:14,07:43:14)
F=    -1 {   1/Args} '(open+fstat+read+close)' ['/etc/nsswitch.conf'] ==>> N/A (07:43:14,07:43:14)
F=    -1 {   1/Args} '(open+fstat+mmap+close)' ['/etc/ld.so.cache'] ==>> N/A (07:43:14,07:43:14)
F=    -1 {   1/Orig} 'open                ' ['/lib64/libnss_sss.so.2'] ==>> 3</usr/lib64/libnss_sss.so.2> (07:43:14,07:43:14)
F=    -1 {   1/Args} '(read+fstat+mmap+close)' ['/usr/lib64/libnss_sss.so.2'] ==>> N/A (07:43:14,07:43:14)
F=    -1 {   1/Orig} 'munmap              ' [] ==>> 0 (07:43:14,07:43:14)
F=    -1 {   1/Args} '(open+fstat+mmap+fstat)' ['/var/lib/sss/mc/passwd'] ==>> N/A (07:43:14,07:43:14)
F=    -1 {   2/Orig} 'select              ' [['/dev/pts/2'], [], ['/dev/pts/2']] ==>> 0 (Timeout) (07:43:14,07:43:14)
F=    -1 {   1/Rept} '(open+open+fstat+fstat+close+close+open+fcntl)' ['.titi.swp', '.titi.swpx', '/home/rchateau/survol/Experimental/RetroBatch/.titi.swp', '/home/rchateau/survol/Experimental/RetroBatch/.titi.swpx'] ==>> N/A (07:43:14,07:43:14)
F=    -1 {   1/Rept} '(write+select)      ' ['/home/rchateau/survol/Experimental/RetroBatch/.titi.swp', ['/dev/pts/2'], []] ==>> N/A (07:43:14,07:43:14)
F=    -1 {   1/Rept} '(write+open+fstat+read+close+select+munmap+select)' ['/dev/pts/2', '/home/rchateau/.viminfo', ['/dev/pts/2'], []] ==>> N/A (07:43:14,07:43:15)
F=    -1 {   1/Rept} '(open+fchdir)       ' ['.', '/home/rchateau/survol/Experimental/RetroBatch'] ==>> N/A (07:43:15,07:43:15)
F=    -1 {   1/Orig} 'close               ' ['/home/rchateau/survol/Experimental/RetroBatch'] ==>> 0 (07:43:15,07:43:15)
F=    -1 {   2/Orig} 'select              ' [['/dev/pts/2'], [], ['/dev/pts/2']] ==>> 0 (Timeout) (07:43:15,07:43:15)
F=    -1 {   1/Args} '(open+fcntl+fstat+read)' ['/usr/share/vim/vim80/scripts.vim'] ==>> N/A (07:43:15,07:43:15)
F=    -1 {   5/Orig} 'select              ' [['/dev/pts/2'], [], ['/dev/pts/2']] ==>> 0 (Timeout) (07:43:15,07:43:15)
F=    -1 {   1/Orig} 'read                ' ['/usr/share/vim/vim80/scripts.vim'] ==>> 4096 (07:43:15,07:43:15)
F=    -1 {   1/Rept} '(select+munmap+select+read+select+read+close+select)' [['/dev/pts/2'], [], '/usr/share/vim/vim80/scripts.vim'] ==>> N/A (07:43:15,07:43:15)
F=    -1 {   1/Rept} '(ioctl+write+select+ioctl+write+select+ioctl+write)' ['/dev/pts/2', ['/dev/pts/2'], []] ==>> N/A (07:43:15,07:43:15)
F=    -1 {   1/Args} '((select+write)+(select+write)+(select+read+select+read+select+read+select+write)+(select+write)+(select+write)+(select+write))' [['/dev/pts/2'], [], '/dev/pts/2'] ==>> N/A (07:43:15,07:43:16)
F=    -1 {   1/Rept} '(select+read+select+write+select+write+select+read)' [['/dev/pts/2'], [], '/dev/pts/2', '/home/rchateau/survol/Experimental/RetroBatch/.titi.swp'] ==>> N/A (07:43:16,07:43:18)
F=    -1 {   1/Args} '((select+write)+(select+read+select+write+select+read+select+write)+(select+read+select+write+select+read+select+write)+(select+read+select+write+select+read+select+write)+(select+read+select+write+select+read+select+write)+(select+read+select+write+select+read+select+write)+(select+read+select+write+select+read+select+write)+(select+read+select+write+select+read+select+write)+(select+read+select+write+select+read+select+write)+(select+read+select+write+select+read+select+write)+(select+read+select+write+select+read+select+write)+(select+read+select+write+select+read+select+write)+(select+read+select+write+select+read+select+write)+(select+read+select+write+select+read+select+write)+(select+write)+(select+write+select+read+select+write+select+write)+(select+write)+(select+write)+(select+read)+(select+write))' [['/dev/pts/2'], [], '/dev/pts/2'] ==>> N/A (07:43:18,07:43:25)
F=    -1 {   1/Rept} '(select+write+select+fsync+select+read+select+write)' [['/dev/pts/2'], [], '/home/rchateau/survol/Experimental/RetroBatch/.titi.swp', '4</home/rchateau/survol/Experimental/RetroBatch/.titi.swp>', '/dev/pts/2'] ==>> N/A (07:43:25,07:43:29)
F=    -1 {   1/Args} '((select+read+select+write+select+read+select+write)+(select+read+select+write+select+read+select+write)+(select+read+select+write+select+read+select+write)+(select+read+select+write+select+read+select+write)+(select+read+select+write+select+read+select+write)+(select+read+select+write+select+read+select+write)+(select+read+select+write+select+read+select+write)+(select+read+select+write+select+read+select+write)+(select+write)+(select+write)+(select+read)+(select+write))' [['/dev/pts/2'], [], '/dev/pts/2'] ==>> N/A (07:43:29,07:43:32)
F=    -1 {   1/Rept} '(ioctl+write+select+write+select+read+select+write)' ['/dev/pts/2', ['/dev/pts/2'], []] ==>> N/A (07:43:32,07:43:32)
F=    -1 {   1/Args} '((select+write)+(select+read)+(select+write)+(select+write))' [['/dev/pts/2'], [], '/dev/pts/2'] ==>> N/A (07:43:32,07:43:32)
F=    -1 {   1/Rept} '(select+open+ftruncate+write+fsync+close+write+write)' [['/dev/pts/2'], [], 'titi', '5</home/rchateau/survol/Experimental/RetroBatch/titi>', '0', '/home/rchateau/survol/Experimental/RetroBatch/titi', '/dev/pts/2', '/home/rchateau/survol/Experimental/RetroBatch/.titi.swp'] ==>> N/A (07:43:32,07:43:32)
F=    -1 {   1/Rept} '(select+write)      ' [['/dev/pts/2'], [], '/dev/pts/2'] ==>> N/A (07:43:32,07:43:32)
F=    -1 {   1/Rept} '(select+write)      ' [['/dev/pts/2'], [], '/dev/pts/2'] ==>> N/A (07:43:32,07:43:32)
F=    -1 {   1/Rept} '(select+write+select+write+select+write+select+read)' [['/dev/pts/2'], [], '/home/rchateau/survol/Experimental/RetroBatch/.titi.swp', '/dev/pts/2'] ==>> N/A (07:43:32,07:43:37)
F=    -1 {   1/Rept} '(select+write)      ' [['/dev/pts/2'], [], '/dev/pts/2'] ==>> N/A (07:43:37,07:43:37)
F=    -1 {   1/Rept} '(select+write)      ' [['/dev/pts/2'], [], '/dev/pts/2'] ==>> N/A (07:43:37,07:43:37)
F=    -1 {   1/Rept} '(select+write)      ' [['/dev/pts/2'], [], '/dev/pts/2'] ==>> N/A (07:43:37,07:43:37)
F=    -1 {   1/Rept} '(select+write)      ' [['/dev/pts/2'], [], '/dev/pts/2'] ==>> N/A (07:43:37,07:43:37)
F=    -1 {   1/Rept} '(select+read+select+write+select+write+select+read)' [['/dev/pts/2'], [], '/dev/pts/2', '/home/rchateau/survol/Experimental/RetroBatch/.titi.swp'] ==>> N/A (07:43:37,07:43:37)
F=    -1 {   1/Rept} '(select+write)      ' [['/dev/pts/2'], [], '/dev/pts/2'] ==>> N/A (07:43:37,07:43:37)
F=    -1 {   1/Rept} '(select+read+select+write+select+read+select+write)' [['/dev/pts/2'], [], '/dev/pts/2'] ==>> N/A (07:43:37,07:43:37)
F=    -1 {   1/Rept} '(select+read+select+write+select+read+select+write)' [['/dev/pts/2'], [], '/dev/pts/2'] ==>> N/A (07:43:37,07:43:38)
F=    -1 {   1/Rept} '(select+read+select+write+select+read+select+write)' [['/dev/pts/2'], [], '/dev/pts/2'] ==>> N/A (07:43:38,07:43:38)
F=    -1 {   1/Rept} '(select+read+select+write+select+read+select+write)' [['/dev/pts/2'], [], '/dev/pts/2'] ==>> N/A (07:43:38,07:43:38)
F=    -1 {   1/Rept} '(select+read+select+write+select+read+select+write)' [['/dev/pts/2'], [], '/dev/pts/2'] ==>> N/A (07:43:38,07:43:39)
F=    -1 {   1/Rept} '(select+read+select+write+select+read+select+write)' [['/dev/pts/2'], [], '/dev/pts/2'] ==>> N/A (07:43:39,07:43:39)
F=    -1 {   1/Rept} '(select+read+select+write+select+read+select+write)' [['/dev/pts/2'], [], '/dev/pts/2'] ==>> N/A (07:43:39,07:43:40)
F=    -1 {   1/Rept} '(select+read+select+write+select+read+select+write)' [['/dev/pts/2'], [], '/dev/pts/2'] ==>> N/A (07:43:40,07:43:40)
F=    -1 {   1/Rept} '(select+read+select+write+select+read+select+write)' [['/dev/pts/2'], [], '/dev/pts/2'] ==>> N/A (07:43:40,07:43:40)
F=    -1 {   1/Rept} '(select+read+select+write+select+read+select+write)' [['/dev/pts/2'], [], '/dev/pts/2'] ==>> N/A (07:43:40,07:43:41)
F=    -1 {   1/Rept} '(select+read+select+write+select+read+select+write)' [['/dev/pts/2'], [], '/dev/pts/2'] ==>> N/A (07:43:41,07:43:41)
F=    -1 {   1/Rept} '(select+read+select+write+select+read+select+write)' [['/dev/pts/2'], [], '/dev/pts/2'] ==>> N/A (07:43:41,07:43:41)
F=    -1 {   1/Rept} '(select+read+select+write+select+read+select+write)' [['/dev/pts/2'], [], '/dev/pts/2'] ==>> N/A (07:43:41,07:43:42)
F=    -1 {   1/Rept} '(select+write)      ' [['/dev/pts/2'], [], '/dev/pts/2'] ==>> N/A (07:43:42,07:43:42)
F=    -1 {   1/Rept} '(select+write)      ' [['/dev/pts/2'], [], '/dev/pts/2'] ==>> N/A (07:43:42,07:43:42)
F=    -1 {   1/Rept} '(select+read)       ' [['/dev/pts/2'], [], '/dev/pts/2'] ==>> N/A (07:43:42,07:43:42)
F=    -1 {   1/Rept} '(select+write)      ' [['/dev/pts/2'], [], '/dev/pts/2'] ==>> N/A (07:43:42,07:43:42)
F=    -1 {   1/Rept} '(ioctl+write+select+write+select+read+select+write)' ['/dev/pts/2', ['/dev/pts/2'], []] ==>> N/A (07:43:42,07:43:42)
F=    -1 {   1/Rept} '(select+write+select+read+select+write)' [['/dev/pts/2'], [], '/dev/pts/2'] ==>> N/A (07:43:42,07:43:43)
F=    -1 {   1/Rept} '(select+write+select+read+select+write+select+write)' [['/dev/pts/2'], [], '/dev/pts/2'] ==>> N/A (07:43:43,07:43:43)
F=    -1 {   1/Rept} '(select+write)      ' [['/dev/pts/2'], [], '/dev/pts/2'] ==>> N/A (07:43:43,07:43:43)
F=    -1 {   1/Rept} '(ioctl+write)       ' ['/dev/pts/2'] ==>> N/A (07:43:43,07:43:43)
F=    -1 {   1/Orig} 'open                ' ['4913'] ==>> 5</home/rchateau/survol/Experimental/RetroBatch/4913> (07:43:43,07:43:43)
F=    -1 {   1/Orig} 'fchown              ' ['5</home/rchateau/survol/Experimental/RetroBatch/4913>', '1001', '1001'] ==>> 0 (07:43:43,07:43:43)
F=    -1 {   1/Orig} 'close               ' ['/home/rchateau/survol/Experimental/RetroBatch/4913'] ==>> 0 (07:43:43,07:43:43)
F=    -1 {   1/Orig} 'open                ' ['titi'] ==>> 5</home/rchateau/survol/Experimental/RetroBatch/titi> (07:43:43,07:43:43)
F=    -1 {   1/Orig} 'ftruncate           ' ['5</home/rchateau/survol/Experimental/RetroBatch/titi>', '0'] ==>> 0 (07:43:43,07:43:43)
F=    -1 {   1/Orig} 'write               ' ['/home/rchateau/survol/Experimental/RetroBatch/titi'] ==>> 72 (07:43:43,07:43:43)
F=    -1 {   1/Orig} 'fsync               ' ['5</home/rchateau/survol/Experimental/RetroBatch/titi>'] ==>> 0 (07:43:43,07:43:43)
F=    -1 {   1/Orig} 'fchmod              ' ['5</home/rchateau/survol/Experimental/RetroBatch/titi>', '0100664'] ==>> 0 (07:43:43,07:43:43)
F=    -1 {   1/Orig} 'close               ' ['/home/rchateau/survol/Experimental/RetroBatch/titi'] ==>> 0 (07:43:43,07:43:43)
F=    -1 {   1/Orig} 'write               ' ['/dev/pts/2'] ==>> 16 (07:43:43,07:43:43)
F=    -1 {   1/Orig} 'write               ' ['/home/rchateau/survol/Experimental/RetroBatch/.titi.swp'] ==>> 4096 (07:43:43,07:43:43)
F=    -1 {   1/Orig} 'open                ' ['/home/rchateau/.viminfo'] ==>> 5</home/rchateau/.viminfo> (07:43:43,07:43:43)
F=    -1 {   1/Orig} 'open                ' ['/home/rchateau/.viminfo.tmp'] ==>> 6</home/rchateau/.viminfo.tmp> (07:43:43,07:43:43)
F=    -1 {   1/Orig} 'fcntl               ' ['/home/rchateau/.viminfo.tmp'] ==>> 0x28001 (flags O_WRONLY|O_LARGEFILE|O_NOFOLLOW) (07:43:43,07:43:43)
F=    -1 {   1/Orig} 'fstat               ' ['/home/rchateau/.viminfo'] ==>> 0 (07:43:43,07:43:43)
F=    -1 {   5/Orig} 'read                ' ['/home/rchateau/.viminfo'] ==>> 4096 (07:43:43,07:43:43)
F=    -1 {   1/Orig} 'fstat               ' ['/home/rchateau/.viminfo.tmp'] ==>> 0 (07:43:43,07:43:43)
F=    -1 {   1/Rept} '(write+read+write+read+write+close+close+select)' ['/home/rchateau/.viminfo.tmp', '/home/rchateau/.viminfo', ['/dev/pts/2'], []] ==>> N/A (07:43:43,07:43:43)
F=    -1 {   1/Orig} 'ioctl               ' ['/dev/pts/2'] ==>> 0 (07:43:43,07:43:43)
F=    -1 {   2/Orig} 'write               ' ['/dev/pts/2'] ==>> 18 (07:43:43,07:43:43)
F=    -1 {   1/Orig} 'close               ' ['/home/rchateau/survol/Experimental/RetroBatch/.titi.swp'] ==>> 0 (07:43:43,07:43:43)
F=    -1 {   1/Orig} 'exit_group          ' [] ==>>  (07:43:43,07:43:43)
