
================== PID=-1
F=    -1 {   1/Orig} 'execve              ' ['/usr/bin/ps', ['ps', '-ef']] ==>> 0 (07:42:12,07:42:12)
F=    -1 {   1/Args} '(open+fstat+mmap+close)' ['/etc/ld.so.cache'] ==>> N/A (07:42:12,07:42:12)
F=    -1 {   1/Orig} 'open                ' ['/lib64/libprocps.so.4'] ==>> 3</usr/lib64/libprocps.so.4.0.0> (07:42:12,07:42:12)
F=    -1 {   1/Args} '(read+fstat+mmap+close)' ['/usr/lib64/libprocps.so.4.0.0'] ==>> N/A (07:42:12,07:42:12)
F=    -1 {   1/Orig} 'open                ' ['/lib64/libsystemd.so.0'] ==>> 3</usr/lib64/libsystemd.so.0.18.0> (07:42:12,07:42:12)
F=    -1 {   1/Args} '(read+fstat+mmap+close)' ['/usr/lib64/libsystemd.so.0.18.0'] ==>> N/A (07:42:12,07:42:12)
F=    -1 {   1/Orig} 'open                ' ['/lib64/libdl.so.2'] ==>> 3</usr/lib64/libdl-2.25.so> (07:42:12,07:42:12)
F=    -1 {   1/Args} '(read+fstat+mmap+close)' ['/usr/lib64/libdl-2.25.so'] ==>> N/A (07:42:12,07:42:12)
F=    -1 {   1/Orig} 'open                ' ['/lib64/libc.so.6'] ==>> 3</usr/lib64/libc-2.25.so> (07:42:12,07:42:12)
F=    -1 {   1/Args} '(read+fstat+mmap+close)' ['/usr/lib64/libc-2.25.so'] ==>> N/A (07:42:12,07:42:12)
F=    -1 {   1/Orig} 'open                ' ['/lib64/libresolv.so.2'] ==>> 3</usr/lib64/libresolv-2.25.so> (07:42:12,07:42:12)
F=    -1 {   1/Args} '(read+fstat+mmap+close)' ['/usr/lib64/libresolv-2.25.so'] ==>> N/A (07:42:12,07:42:12)
F=    -1 {   1/Orig} 'open                ' ['/lib64/libselinux.so.1'] ==>> 3</usr/lib64/libselinux.so.1> (07:42:12,07:42:12)
F=    -1 {   1/Args} '(read+fstat+mmap+close)' ['/usr/lib64/libselinux.so.1'] ==>> N/A (07:42:12,07:42:12)
F=    -1 {   1/Orig} 'open                ' ['/lib64/libcap.so.2'] ==>> 3</usr/lib64/libcap.so.2.25> (07:42:12,07:42:12)
F=    -1 {   1/Args} '(read+fstat+mmap+close)' ['/usr/lib64/libcap.so.2.25'] ==>> N/A (07:42:12,07:42:12)
F=    -1 {   1/Orig} 'open                ' ['/lib64/librt.so.1'] ==>> 3</usr/lib64/librt-2.25.so> (07:42:12,07:42:12)
F=    -1 {   1/Args} '(read+fstat+mmap+close)' ['/usr/lib64/librt-2.25.so'] ==>> N/A (07:42:12,07:42:12)
F=    -1 {   1/Orig} 'open                ' ['/lib64/liblzma.so.5'] ==>> 3</usr/lib64/liblzma.so.5.2.3> (07:42:12,07:42:12)
F=    -1 {   1/Args} '(read+fstat+mmap+close)' ['/usr/lib64/liblzma.so.5.2.3'] ==>> N/A (07:42:12,07:42:12)
F=    -1 {   1/Orig} 'open                ' ['/lib64/liblz4.so.1'] ==>> 3</usr/lib64/liblz4.so.1.7.5> (07:42:12,07:42:12)
F=    -1 {   1/Args} '(read+fstat+mmap+close)' ['/usr/lib64/liblz4.so.1.7.5'] ==>> N/A (07:42:12,07:42:12)
F=    -1 {   1/Orig} 'open                ' ['/lib64/libgcrypt.so.20'] ==>> 3</usr/lib64/libgcrypt.so.20.1.7> (07:42:12,07:42:12)
F=    -1 {   1/Args} '(read+fstat+mmap+close)' ['/usr/lib64/libgcrypt.so.20.1.7'] ==>> N/A (07:42:12,07:42:12)
F=    -1 {   1/Orig} 'open                ' ['/lib64/libgpg-error.so.0'] ==>> 3</usr/lib64/libgpg-error.so.0.20.0> (07:42:12,07:42:12)
F=    -1 {   1/Args} '(read+fstat+mmap+close)' ['/usr/lib64/libgpg-error.so.0.20.0'] ==>> N/A (07:42:12,07:42:12)
F=    -1 {   1/Orig} 'open                ' ['/lib64/libgcc_s.so.1'] ==>> 3</usr/lib64/libgcc_s-7-20180130.so.1> (07:42:12,07:42:12)
F=    -1 {   1/Args} '(read+fstat+mmap+close)' ['/usr/lib64/libgcc_s-7-20180130.so.1'] ==>> N/A (07:42:12,07:42:12)
F=    -1 {   1/Orig} 'open                ' ['/lib64/libpthread.so.0'] ==>> 3</usr/lib64/libpthread-2.25.so> (07:42:12,07:42:12)
F=    -1 {   1/Args} '(read+fstat+mmap+close)' ['/usr/lib64/libpthread-2.25.so'] ==>> N/A (07:42:12,07:42:12)
F=    -1 {   1/Orig} 'open                ' ['/lib64/libpcre.so.1'] ==>> 3</usr/lib64/libpcre.so.1.2.8> (07:42:12,07:42:12)
F=    -1 {   1/Args} '(read+fstat+mmap+close)' ['/usr/lib64/libpcre.so.1.2.8'] ==>> N/A (07:42:12,07:42:12)
F=    -1 {   1/Orig} 'munmap              ' [] ==>> 0 (07:42:12,07:42:12)
F=    -1 {   1/Orig} 'open                ' ['/proc/self/auxv'] ==>> 3</proc/13685/auxv> (07:42:12,07:42:12)
F=    -1 {   1/Args} '(fstat+read+close)  ' ['/proc/13685/auxv'] ==>> N/A (07:42:12,07:42:12)
F=    -1 {   1/Args} '(open+read+close)   ' ['/sys/devices/system/cpu/online'] ==>> N/A (07:42:12,07:42:12)
F=    -1 {   1/Args} '(open+fstat+mmap+close)' ['/usr/lib/locale/locale-archive'] ==>> N/A (07:42:12,07:42:12)
F=    -1 {   1/Orig} 'open                ' ['/proc/self/stat'] ==>> 3</proc/13685/stat> (07:42:12,07:42:12)
F=    -1 {   1/Args} '(read+close)        ' ['/proc/13685/stat'] ==>> N/A (07:42:12,07:42:12)
F=    -1 {   2/Orig} 'ioctl               ' ['/dev/pts/2'] ==>> 0 (07:42:12,07:42:12)
F=    -1 {   1/Args} '(open+read)         ' ['/proc/uptime'] ==>> N/A (07:42:12,07:42:12)
F=    -1 {   1/Args} '(open+fstat+read+close)' ['/usr/share/locale/locale.alias'] ==>> N/A (07:42:12,07:42:12)
F=    -1 {   1/Args} '(open+read+close)   ' ['/proc/sys/kernel/pid_max'] ==>> N/A (07:42:12,07:42:12)
F=    -1 {   1/Args} '(open+read)         ' ['/proc/meminfo'] ==>> N/A (07:42:12,07:42:12)
F=    -1 {   1/Args} '(open+fstat+getdents)' ['/proc'] ==>> N/A (07:42:12,07:42:12)
F=    -1 {   1/Args} '(open+read+close)   ' ['/proc/1/stat'] ==>> N/A (07:42:12,07:42:12)
F=    -1 {   1/Args} '(open+read+close)   ' ['/proc/1/status'] ==>> N/A (07:42:12,07:42:12)
F=    -1 {   1/Orig} 'socket              ' ['6<UNIX:[2038057]>'] ==>> 6<UNIX:[2038057]> (07:42:12,07:42:12)
F=    -1 {   1/Orig} 'connect             ' ['UNIX:[2038057]', {'sa_family': 'AF_UNIX', 'sun_path': '/var/run/nscd/socket'}] ==>> -1 ENOENT (No such file or directory) (07:42:12,07:42:12)
F=    -1 {   1/Orig} 'close               ' ['UNIX:[2038057]'] ==>> 0 (07:42:12,07:42:12)
F=    -1 {   1/Orig} 'socket              ' ['6<UNIX:[2038061]>'] ==>> 6<UNIX:[2038061]> (07:42:12,07:42:12)
F=    -1 {   1/Orig} 'connect             ' ['UNIX:[2038061]', {'sa_family': 'AF_UNIX', 'sun_path': '/var/run/nscd/socket'}] ==>> -1 ENOENT (No such file or directory) (07:42:12,07:42:12)
F=    -1 {   1/Orig} 'close               ' ['UNIX:[2038061]'] ==>> 0 (07:42:12,07:42:12)
F=    -1 {   1/Args} '(open+fstat+read+close)' ['/etc/nsswitch.conf'] ==>> N/A (07:42:12,07:42:12)
F=    -1 {   1/Args} '(open+fstat+mmap+close)' ['/etc/ld.so.cache'] ==>> N/A (07:42:12,07:42:12)
F=    -1 {   1/Orig} 'open                ' ['/lib64/libnss_sss.so.2'] ==>> 6</usr/lib64/libnss_sss.so.2> (07:42:12,07:42:12)
F=    -1 {   1/Args} '(read+fstat+mmap+close)' ['/usr/lib64/libnss_sss.so.2'] ==>> N/A (07:42:12,07:42:12)
F=    -1 {   1/Orig} 'munmap              ' [] ==>> 0 (07:42:12,07:42:12)
F=    -1 {   1/Args} '(open+fstat+mmap+fstat)' ['/var/lib/sss/mc/passwd'] ==>> N/A (07:42:12,07:42:12)
F=    -1 {   1/Orig} 'fstat               ' ['-'] ==>> -1 EBADF (Bad file descriptor) (07:42:12,07:42:12)
F=    -1 {   1/Orig} 'socket              ' ['7<UNIX:[2038065]>'] ==>> 7<UNIX:[2038065]> (07:42:12,07:42:12)
F=    -1 {   4/Orig} 'fcntl               ' ['UNIX:[2038065]'] ==>> 0x2 (flags O_RDWR) (07:42:12,07:42:12)
F=    -1 {   1/Orig} 'connect             ' ['UNIX:[2038065]', {'sa_family': 'AF_UNIX', 'sun_path': '/var/lib/sss/pipes/nss'}] ==>> 0 (07:42:12,07:42:12)
F=    -1 {   1/Orig} 'fstat               ' ['UNIX:[2038065->2038073]'] ==>> 0 (07:42:12,07:42:12)
F=    -1 {   1/Orig} 'poll                ' [['UNIX:[2038065->2038073]']] ==>> 1 ([{fd=7, revents=POLLOUT}]) (07:42:12,07:42:12)
F=    -1 {   1/Orig} 'sendto              ' ['UNIX:[2038065->2038073]'] ==>> 16 (07:42:12,07:42:12)
F=    -1 {   1/Orig} 'poll                ' [['UNIX:[2038065->2038073]']] ==>> 1 ([{fd=7, revents=POLLOUT}]) (07:42:12,07:42:12)
F=    -1 {   1/Orig} 'sendto              ' ['UNIX:[2038065->2038073]'] ==>> 4 (07:42:12,07:42:12)
F=    -1 {   1/Orig} 'poll                ' [['UNIX:[2038065->2038073]']] ==>> 1 ([{fd=7, revents=POLLIN}]) (07:42:12,07:42:12)
F=    -1 {   1/Orig} 'read                ' ['UNIX:[2038065->2038073]'] ==>> 16 (07:42:12,07:42:12)
F=    -1 {   1/Orig} 'poll                ' [['UNIX:[2038065->2038073]']] ==>> 1 ([{fd=7, revents=POLLIN}]) (07:42:12,07:42:12)
F=    -1 {   1/Orig} 'read                ' ['UNIX:[2038065->2038073]'] ==>> 4 (07:42:12,07:42:12)
F=    -1 {   1/Orig} 'poll                ' [['UNIX:[2038065->2038073]']] ==>> 1 ([{fd=7, revents=POLLOUT}]) (07:42:12,07:42:12)
F=    -1 {   1/Orig} 'sendto              ' ['UNIX:[2038065->2038073]'] ==>> 16 (07:42:12,07:42:12)
F=    -1 {   1/Orig} 'poll                ' [['UNIX:[2038065->2038073]']] ==>> 1 ([{fd=7, revents=POLLOUT}]) (07:42:12,07:42:12)
F=    -1 {   1/Orig} 'sendto              ' ['UNIX:[2038065->2038073]'] ==>> 4 (07:42:12,07:42:12)
F=    -1 {   1/Orig} 'poll                ' [['UNIX:[2038065->2038073]']] ==>> 1 ([{fd=7, revents=POLLIN}]) (07:42:12,07:42:12)
F=    -1 {   1/Args} '(read+close)        ' ['UNIX:[2038065->2038073]'] ==>> N/A (07:42:12,07:42:12)
F=    -1 {   1/Args} '(open+fstat+mmap+close)' ['/etc/ld.so.cache'] ==>> N/A (07:42:12,07:42:12)
F=    -1 {   1/Orig} 'open                ' ['/lib64/libnss_files.so.2'] ==>> 7</usr/lib64/libnss_files-2.25.so> (07:42:12,07:42:12)
F=    -1 {   1/Args} '(read+fstat+mmap+close)' ['/usr/lib64/libnss_files-2.25.so'] ==>> N/A (07:42:12,07:42:12)
F=    -1 {   1/Orig} 'munmap              ' [] ==>> 0 (07:42:12,07:42:12)
F=    -1 {   1/Args} '(open+fstat+read+close)' ['/etc/passwd'] ==>> N/A (07:42:12,07:42:12)
F=    -1 {   1/Args} '(open+read+close)   ' ['/proc/1/cmdline'] ==>> N/A (07:42:12,07:42:12)
F=    -1 {   1/Args} '(open+fstat+mmap+close)' ['/usr/lib64/gconv/gconv-modules.cache'] ==>> N/A (07:42:12,07:42:12)
F=    -1 {   1/Args} '(fstat+write)       ' ['/dev/pts/2'] ==>> N/A (07:42:12,07:42:12)
F=    -1 {   1/Orig} 'open                ' ['/etc/localtime'] ==>> 7</usr/share/zoneinfo/Europe/Paris> (07:42:12,07:42:12)
F=    -1 {   1/Args} '(fstat+read+close)  ' ['/usr/share/zoneinfo/Europe/Paris'] ==>> N/A (07:42:12,07:42:12)
F=    -1 {   1/Args} '(open+fstat+read+close)' ['/proc/stat'] ==>> N/A (07:42:12,07:42:12)
F=    -1 {   1/Orig} 'write               ' ['/dev/pts/2'] ==>> 115 (07:42:12,07:42:12)
F=    -1 {   1/Args} '(open+read+close)   ' ['/proc/2/stat'] ==>> N/A (07:42:12,07:42:12)
F=    -1 {   1/Args} '(open+read+close)   ' ['/proc/2/status'] ==>> N/A (07:42:12,07:42:12)
F=    -1 {   1/Args} '(open+read+close)   ' ['/proc/2/cmdline'] ==>> N/A (07:42:12,07:42:12)
F=    -1 {   1/Orig} 'write               ' ['/dev/pts/2'] ==>> 59 (07:42:12,07:42:12)
F=    -1 {   1/Args} '(open+read+close)   ' ['/proc/4/stat'] ==>> N/A (07:42:12,07:42:12)
F=    -1 {   1/Args} '(open+read+close)   ' ['/proc/4/status'] ==>> N/A (07:42:12,07:42:12)
F=    -1 {   1/Args} '(open+read+close)   ' ['/proc/4/cmdline'] ==>> N/A (07:42:12,07:42:12)
F=    -1 {   1/Orig} 'write               ' ['/dev/pts/2'] ==>> 63 (07:42:12,07:42:12)
F=    -1 {   1/Args} '(open+read+close)   ' ['/proc/6/stat'] ==>> N/A (07:42:12,07:42:12)
F=    -1 {   1/Args} '(open+read+close)   ' ['/proc/6/status'] ==>> N/A (07:42:12,07:42:12)
F=    -1 {   1/Args} '(open+read+close)   ' ['/proc/6/cmdline'] ==>> N/A (07:42:12,07:42:12)
F=    -1 {   1/Orig} 'write               ' ['/dev/pts/2'] ==>> 63 (07:42:12,07:42:12)
F=    -1 {   1/Args} '(open+read+close)   ' ['/proc/7/stat'] ==>> N/A (07:42:12,07:42:12)
F=    -1 {   1/Args} '(open+read+close)   ' ['/proc/7/status'] ==>> N/A (07:42:12,07:42:12)
F=    -1 {   1/Args} '(open+read+close)   ' ['/proc/7/cmdline'] ==>> N/A (07:42:12,07:42:12)
F=    -1 {   1/Orig} 'write               ' ['/dev/pts/2'] ==>> 62 (07:42:12,07:42:12)
F=    -1 {   1/Args} '(open+read+close)   ' ['/proc/8/stat'] ==>> N/A (07:42:12,07:42:12)
F=    -1 {   1/Args} '(open+read+close)   ' ['/proc/8/status'] ==>> N/A (07:42:12,07:42:12)
F=    -1 {   1/Args} '(open+read+close)   ' ['/proc/8/cmdline'] ==>> N/A (07:42:12,07:42:12)
F=    -1 {   1/Orig} 'write               ' ['/dev/pts/2'] ==>> 60 (07:42:12,07:42:12)
F=    -1 {   1/Args} '(open+read+close)   ' ['/proc/9/stat'] ==>> N/A (07:42:12,07:42:12)
F=    -1 {   1/Args} '(open+read+close)   ' ['/proc/9/status'] ==>> N/A (07:42:12,07:42:12)
F=    -1 {   1/Args} '(open+read+close)   ' ['/proc/9/cmdline'] ==>> N/A (07:42:12,07:42:12)
F=    -1 {   1/Orig} 'write               ' ['/dev/pts/2'] ==>> 57 (07:42:12,07:42:12)
F=    -1 {   1/Args} '(open+read+close)   ' ['/proc/10/stat'] ==>> N/A (07:42:12,07:42:12)
F=    -1 {   1/Args} '(open+read+close)   ' ['/proc/10/status'] ==>> N/A (07:42:12,07:42:12)
F=    -1 {   1/Args} '(open+read+close)   ' ['/proc/10/cmdline'] ==>> N/A (07:42:12,07:42:12)
F=    -1 {   1/Orig} 'write               ' ['/dev/pts/2'] ==>> 58 (07:42:12,07:42:12)
F=    -1 {   1/Args} '(open+read+close)   ' ['/proc/11/stat'] ==>> N/A (07:42:12,07:42:12)
F=    -1 {   1/Args} '(open+read+close)   ' ['/proc/11/status'] ==>> N/A (07:42:12,07:42:12)
F=    -1 {   1/Args} '(open+read+close)   ' ['/proc/11/cmdline'] ==>> N/A (07:42:12,07:42:12)
F=    -1 {   1/Orig} 'write               ' ['/dev/pts/2'] ==>> 58 (07:42:12,07:42:12)
F=    -1 {   1/Args} '(open+read+close)   ' ['/proc/12/stat'] ==>> N/A (07:42:12,07:42:12)
F=    -1 {   1/Args} '(open+read+close)   ' ['/proc/12/status'] ==>> N/A (07:42:12,07:42:12)
F=    -1 {   1/Args} '(open+read+close)   ' ['/proc/12/cmdline'] ==>> N/A (07:42:12,07:42:12)
F=    -1 {   1/Orig} 'write               ' ['/dev/pts/2'] ==>> 62 (07:42:12,07:42:12)
F=    -1 {   1/Args} '(open+read+close)   ' ['/proc/13/stat'] ==>> N/A (07:42:12,07:42:12)
F=    -1 {   1/Args} '(open+read+close)   ' ['/proc/13/status'] ==>> N/A (07:42:12,07:42:12)
F=    -1 {   1/Args} '(open+read+close)   ' ['/proc/13/cmdline'] ==>> N/A (07:42:12,07:42:12)
F=    -1 {   1/Orig} 'write               ' ['/dev/pts/2'] ==>> 61 (07:42:12,07:42:12)
F=    -1 {   1/Args} '(open+read+close)   ' ['/proc/14/stat'] ==>> N/A (07:42:12,07:42:12)
F=    -1 {   1/Args} '(open+read+close)   ' ['/proc/14/status'] ==>> N/A (07:42:12,07:42:12)
F=    -1 {   1/Args} '(open+read+close)   ' ['/proc/14/cmdline'] ==>> N/A (07:42:12,07:42:12)
F=    -1 {   1/Orig} 'write               ' ['/dev/pts/2'] ==>> 58 (07:42:12,07:42:12)
F=    -1 {   1/Args} '(open+read+close)   ' ['/proc/15/stat'] ==>> N/A (07:42:12,07:42:12)
F=    -1 {   1/Args} '(open+read+close)   ' ['/proc/15/status'] ==>> N/A (07:42:12,07:42:12)
F=    -1 {   1/Args} '(open+read+close)   ' ['/proc/15/cmdline'] ==>> N/A (07:42:12,07:42:12)
F=    -1 {   1/Orig} 'write               ' ['/dev/pts/2'] ==>> 60 (07:42:12,07:42:12)
F=    -1 {   1/Args} '(open+read+close)   ' ['/proc/16/stat'] ==>> N/A (07:42:12,07:42:12)
F=    -1 {   1/Args} '(open+read+close)   ' ['/proc/16/status'] ==>> N/A (07:42:12,07:42:12)
F=    -1 {   1/Args} '(open+read+close)   ' ['/proc/16/cmdline'] ==>> N/A (07:42:12,07:42:12)
F=    -1 {   1/Orig} 'write               ' ['/dev/pts/2'] ==>> 56 (07:42:12,07:42:12)
F=    -1 {   1/Args} '(open+read+close)   ' ['/proc/17/stat'] ==>> N/A (07:42:12,07:42:12)
F=    -1 {   1/Args} '(open+read+close)   ' ['/proc/17/status'] ==>> N/A (07:42:12,07:42:12)
F=    -1 {   1/Args} '(open+read+close)   ' ['/proc/17/cmdline'] ==>> N/A (07:42:12,07:42:12)
F=    -1 {   1/Orig} 'write               ' ['/dev/pts/2'] ==>> 61 (07:42:12,07:42:12)
F=    -1 {   1/Args} '(open+read+close)   ' ['/proc/18/stat'] ==>> N/A (07:42:12,07:42:12)
F=    -1 {   1/Args} '(open+read+close)   ' ['/proc/18/status'] ==>> N/A (07:42:12,07:42:12)
F=    -1 {   1/Args} '(open+read+close)   ' ['/proc/18/cmdline'] ==>> N/A (07:42:12,07:42:12)
F=    -1 {   1/Orig} 'write               ' ['/dev/pts/2'] ==>> 60 (07:42:12,07:42:12)
F=    -1 {   1/Args} '(open+read+close)   ' ['/proc/19/stat'] ==>> N/A (07:42:12,07:42:12)
F=    -1 {   1/Args} '(open+read+close)   ' ['/proc/19/status'] ==>> N/A (07:42:12,07:42:12)
F=    -1 {   1/Args} '(open+read+close)   ' ['/proc/19/cmdline'] ==>> N/A (07:42:12,07:42:12)
F=    -1 {   1/Orig} 'write               ' ['/dev/pts/2'] ==>> 61 (07:42:12,07:42:12)
F=    -1 {   1/Args} '(open+read+close)   ' ['/proc/20/stat'] ==>> N/A (07:42:12,07:42:12)
F=    -1 {   1/Args} '(open+read+close)   ' ['/proc/20/status'] ==>> N/A (07:42:12,07:42:12)
F=    -1 {   1/Args} '(open+read+close)   ' ['/proc/20/cmdline'] ==>> N/A (07:42:12,07:42:12)
F=    -1 {   1/Orig} 'write               ' ['/dev/pts/2'] ==>> 55 (07:42:12,07:42:12)
F=    -1 {   1/Args} '(open+read+close)   ' ['/proc/21/stat'] ==>> N/A (07:42:12,07:42:12)
F=    -1 {   1/Args} '(open+read+close)   ' ['/proc/21/status'] ==>> N/A (07:42:12,07:42:12)
F=    -1 {   1/Args} '(open+read+close)   ' ['/proc/21/cmdline'] ==>> N/A (07:42:12,07:42:12)
F=    -1 {   1/Orig} 'write               ' ['/dev/pts/2'] ==>> 61 (07:42:12,07:42:12)
F=    -1 {   1/Args} '(open+read+close)   ' ['/proc/22/stat'] ==>> N/A (07:42:12,07:42:12)
F=    -1 {   1/Args} '(open+read+close)   ' ['/proc/22/status'] ==>> N/A (07:42:12,07:42:12)
F=    -1 {   1/Args} '(open+read+close)   ' ['/proc/22/cmdline'] ==>> N/A (07:42:12,07:42:12)
F=    -1 {   1/Orig} 'write               ' ['/dev/pts/2'] ==>> 57 (07:42:12,07:42:12)
F=    -1 {   1/Args} '(open+read+close)   ' ['/proc/23/stat'] ==>> N/A (07:42:12,07:42:12)
F=    -1 {   1/Args} '(open+read+close)   ' ['/proc/23/status'] ==>> N/A (07:42:12,07:42:12)
F=    -1 {   1/Args} '(open+read+close)   ' ['/proc/23/cmdline'] ==>> N/A (07:42:12,07:42:12)
F=    -1 {   1/Orig} 'write               ' ['/dev/pts/2'] ==>> 62 (07:42:12,07:42:12)
F=    -1 {   1/Args} '(open+read+close)   ' ['/proc/24/stat'] ==>> N/A (07:42:12,07:42:12)
F=    -1 {   1/Args} '(open+read+close)   ' ['/proc/24/status'] ==>> N/A (07:42:12,07:42:12)
F=    -1 {   1/Args} '(open+read+close)   ' ['/proc/24/cmdline'] ==>> N/A (07:42:12,07:42:12)
F=    -1 {   1/Orig} 'write               ' ['/dev/pts/2'] ==>> 57 (07:42:12,07:42:12)
F=    -1 {   1/Args} '(open+read+close)   ' ['/proc/25/stat'] ==>> N/A (07:42:12,07:42:12)
F=    -1 {   1/Args} '(open+read+close)   ' ['/proc/25/status'] ==>> N/A (07:42:12,07:42:12)
F=    -1 {   1/Args} '(open+read+close)   ' ['/proc/25/cmdline'] ==>> N/A (07:42:12,07:42:12)
F=    -1 {   1/Orig} 'write               ' ['/dev/pts/2'] ==>> 58 (07:42:12,07:42:12)
F=    -1 {   1/Args} '(open+read+close)   ' ['/proc/26/stat'] ==>> N/A (07:42:12,07:42:12)
F=    -1 {   1/Args} '(open+read+close)   ' ['/proc/26/status'] ==>> N/A (07:42:12,07:42:12)
F=    -1 {   1/Args} '(open+read+close)   ' ['/proc/26/cmdline'] ==>> N/A (07:42:12,07:42:12)
F=    -1 {   1/Orig} 'write               ' ['/dev/pts/2'] ==>> 58 (07:42:12,07:42:12)
F=    -1 {   1/Args} '(open+read+close)   ' ['/proc/27/stat'] ==>> N/A (07:42:12,07:42:12)
F=    -1 {   1/Args} '(open+read+close)   ' ['/proc/27/status'] ==>> N/A (07:42:12,07:42:12)
F=    -1 {   1/Args} '(open+read+close)   ' ['/proc/27/cmdline'] ==>> N/A (07:42:12,07:42:12)
F=    -1 {   1/Orig} 'write               ' ['/dev/pts/2'] ==>> 53 (07:42:12,07:42:12)
F=    -1 {   1/Args} '(open+read+close)   ' ['/proc/28/stat'] ==>> N/A (07:42:12,07:42:12)
F=    -1 {   1/Args} '(open+read+close)   ' ['/proc/28/status'] ==>> N/A (07:42:12,07:42:12)
F=    -1 {   1/Args} '(open+read+close)   ' ['/proc/28/cmdline'] ==>> N/A (07:42:12,07:42:12)
F=    -1 {   1/Orig} 'write               ' ['/dev/pts/2'] ==>> 61 (07:42:12,07:42:12)
F=    -1 {   1/Args} '(open+read+close)   ' ['/proc/29/stat'] ==>> N/A (07:42:12,07:42:12)
F=    -1 {   1/Args} '(open+read+close)   ' ['/proc/29/status'] ==>> N/A (07:42:12,07:42:12)
F=    -1 {   1/Args} '(open+read+close)   ' ['/proc/29/cmdline'] ==>> N/A (07:42:12,07:42:12)
F=    -1 {   1/Orig} 'write               ' ['/dev/pts/2'] ==>> 60 (07:42:12,07:42:12)
F=    -1 {   1/Args} '(open+read+close)   ' ['/proc/32/stat'] ==>> N/A (07:42:12,07:42:12)
F=    -1 {   1/Args} '(open+read+close)   ' ['/proc/32/status'] ==>> N/A (07:42:12,07:42:12)
F=    -1 {   1/Args} '(open+read+close)   ' ['/proc/32/cmdline'] ==>> N/A (07:42:12,07:42:12)
F=    -1 {   1/Orig} 'write               ' ['/dev/pts/2'] ==>> 58 (07:42:12,07:42:12)
F=    -1 {   1/Args} '(open+read+close)   ' ['/proc/33/stat'] ==>> N/A (07:42:12,07:42:12)
F=    -1 {   1/Args} '(open+read+close)   ' ['/proc/33/status'] ==>> N/A (07:42:12,07:42:12)
F=    -1 {   1/Args} '(open+read+close)   ' ['/proc/33/cmdline'] ==>> N/A (07:42:12,07:42:12)
F=    -1 {   1/Orig} 'write               ' ['/dev/pts/2'] ==>> 58 (07:42:12,07:42:12)
F=    -1 {   1/Args} '(open+read+close)   ' ['/proc/34/stat'] ==>> N/A (07:42:12,07:42:12)
F=    -1 {   1/Args} '(open+read+close)   ' ['/proc/34/status'] ==>> N/A (07:42:12,07:42:12)
F=    -1 {   1/Args} '(open+read+close)   ' ['/proc/34/cmdline'] ==>> N/A (07:42:12,07:42:12)
F=    -1 {   1/Orig} 'write               ' ['/dev/pts/2'] ==>> 57 (07:42:12,07:42:12)
F=    -1 {   1/Args} '(open+read+close)   ' ['/proc/81/stat'] ==>> N/A (07:42:12,07:42:12)
F=    -1 {   1/Args} '(open+read+close)   ' ['/proc/81/status'] ==>> N/A (07:42:12,07:42:12)
F=    -1 {   1/Args} '(open+read+close)   ' ['/proc/81/cmdline'] ==>> N/A (07:42:12,07:42:12)
F=    -1 {   1/Orig} 'write               ' ['/dev/pts/2'] ==>> 59 (07:42:12,07:42:12)
F=    -1 {   1/Args} '(open+read+close)   ' ['/proc/82/stat'] ==>> N/A (07:42:12,07:42:12)
F=    -1 {   1/Args} '(open+read+close)   ' ['/proc/82/status'] ==>> N/A (07:42:12,07:42:12)
F=    -1 {   1/Args} '(open+read+close)   ' ['/proc/82/cmdline'] ==>> N/A (07:42:12,07:42:12)
F=    -1 {   1/Orig} 'write               ' ['/dev/pts/2'] ==>> 66 (07:42:12,07:42:12)
F=    -1 {   1/Args} '(open+read+close)   ' ['/proc/83/stat'] ==>> N/A (07:42:12,07:42:12)
F=    -1 {   1/Args} '(open+read+close)   ' ['/proc/83/status'] ==>> N/A (07:42:12,07:42:12)
F=    -1 {   1/Args} '(open+read+close)   ' ['/proc/83/cmdline'] ==>> N/A (07:42:12,07:42:12)
F=    -1 {   1/Orig} 'write               ' ['/dev/pts/2'] ==>> 60 (07:42:12,07:42:12)
F=    -1 {   1/Args} '(open+read+close)   ' ['/proc/84/stat'] ==>> N/A (07:42:12,07:42:12)
F=    -1 {   1/Args} '(open+read+close)   ' ['/proc/84/status'] ==>> N/A (07:42:12,07:42:12)
F=    -1 {   1/Args} '(open+read+close)   ' ['/proc/84/cmdline'] ==>> N/A (07:42:12,07:42:12)
F=    -1 {   1/Orig} 'write               ' ['/dev/pts/2'] ==>> 61 (07:42:12,07:42:12)
F=    -1 {   1/Args} '(open+read+close)   ' ['/proc/85/stat'] ==>> N/A (07:42:12,07:42:12)
F=    -1 {   1/Args} '(open+read+close)   ' ['/proc/85/status'] ==>> N/A (07:42:12,07:42:12)
F=    -1 {   1/Args} '(open+read+close)   ' ['/proc/85/cmdline'] ==>> N/A (07:42:12,07:42:12)
F=    -1 {   1/Orig} 'write               ' ['/dev/pts/2'] ==>> 60 (07:42:12,07:42:12)
F=    -1 {   1/Args} '(open+read+close)   ' ['/proc/86/stat'] ==>> N/A (07:42:12,07:42:12)
F=    -1 {   1/Args} '(open+read+close)   ' ['/proc/86/status'] ==>> N/A (07:42:12,07:42:12)
F=    -1 {   1/Args} '(open+read+close)   ' ['/proc/86/cmdline'] ==>> N/A (07:42:12,07:42:12)
F=    -1 {   1/Orig} 'write               ' ['/dev/pts/2'] ==>> 61 (07:42:12,07:42:12)
F=    -1 {   1/Args} '(open+read+close)   ' ['/proc/88/stat'] ==>> N/A (07:42:12,07:42:12)
F=    -1 {   1/Args} '(open+read+close)   ' ['/proc/88/status'] ==>> N/A (07:42:12,07:42:12)
F=    -1 {   1/Args} '(open+read+close)   ' ['/proc/88/cmdline'] ==>> N/A (07:42:12,07:42:12)
F=    -1 {   1/Orig} 'write               ' ['/dev/pts/2'] ==>> 65 (07:42:12,07:42:12)
F=    -1 {   1/Args} '(open+read+close)   ' ['/proc/89/stat'] ==>> N/A (07:42:12,07:42:12)
F=    -1 {   1/Args} '(open+read+close)   ' ['/proc/89/status'] ==>> N/A (07:42:12,07:42:12)
F=    -1 {   1/Args} '(open+read+close)   ' ['/proc/89/cmdline'] ==>> N/A (07:42:12,07:42:12)
F=    -1 {   1/Orig} 'write               ' ['/dev/pts/2'] ==>> 64 (07:42:12,07:42:12)
F=    -1 {   1/Args} '(open+read+close)   ' ['/proc/227/stat'] ==>> N/A (07:42:12,07:42:12)
F=    -1 {   1/Args} '(open+read+close)   ' ['/proc/227/status'] ==>> N/A (07:42:12,07:42:12)
F=    -1 {   1/Args} '(open+read+close)   ' ['/proc/227/cmdline'] ==>> N/A (07:42:12,07:42:12)
F=    -1 {   1/Orig} 'write               ' ['/dev/pts/2'] ==>> 57 (07:42:12,07:42:12)
F=    -1 {   1/Args} '(open+read+close)   ' ['/proc/228/stat'] ==>> N/A (07:42:12,07:42:12)
F=    -1 {   1/Args} '(open+read+close)   ' ['/proc/228/status'] ==>> N/A (07:42:12,07:42:12)
F=    -1 {   1/Args} '(open+read+close)   ' ['/proc/228/cmdline'] ==>> N/A (07:42:12,07:42:12)
F=    -1 {   1/Orig} 'write               ' ['/dev/pts/2'] ==>> 60 (07:42:12,07:42:12)
F=    -1 {   1/Args} '(open+read+close)   ' ['/proc/229/stat'] ==>> N/A (07:42:12,07:42:12)
F=    -1 {   1/Args} '(open+read+close)   ' ['/proc/229/status'] ==>> N/A (07:42:12,07:42:12)
F=    -1 {   1/Args} '(open+read+close)   ' ['/proc/229/cmdline'] ==>> N/A (07:42:12,07:42:12)
F=    -1 {   1/Orig} 'write               ' ['/dev/pts/2'] ==>> 61 (07:42:12,07:42:12)
F=    -1 {   1/Args} '(open+read+close)   ' ['/proc/398/stat'] ==>> N/A (07:42:12,07:42:12)
F=    -1 {   1/Args} '(open+read+close)   ' ['/proc/398/status'] ==>> N/A (07:42:12,07:42:12)
F=    -1 {   1/Args} '(open+read+close)   ' ['/proc/398/cmdline'] ==>> N/A (07:42:12,07:42:12)
F=    -1 {   1/Orig} 'write               ' ['/dev/pts/2'] ==>> 63 (07:42:12,07:42:12)
F=    -1 {   1/Args} '(open+read+close)   ' ['/proc/462/stat'] ==>> N/A (07:42:12,07:42:12)
F=    -1 {   1/Args} '(open+read+close)   ' ['/proc/462/status'] ==>> N/A (07:42:12,07:42:12)
F=    -1 {   1/Args} '(open+read+close)   ' ['/proc/462/cmdline'] ==>> N/A (07:42:12,07:42:12)
F=    -1 {   1/Orig} 'write               ' ['/dev/pts/2'] ==>> 62 (07:42:12,07:42:12)
F=    -1 {   1/Args} '(open+read+close)   ' ['/proc/464/stat'] ==>> N/A (07:42:12,07:42:12)
F=    -1 {   1/Args} '(open+read+close)   ' ['/proc/464/status'] ==>> N/A (07:42:12,07:42:12)
F=    -1 {   1/Args} '(open+read+close)   ' ['/proc/464/cmdline'] ==>> N/A (07:42:12,07:42:12)
F=    -1 {   1/Orig} 'write               ' ['/dev/pts/2'] ==>> 66 (07:42:12,07:42:12)
F=    -1 {   1/Args} '(open+read+close)   ' ['/proc/549/stat'] ==>> N/A (07:42:12,07:42:12)
F=    -1 {   1/Args} '(open+read+close)   ' ['/proc/549/status'] ==>> N/A (07:42:12,07:42:12)
F=    -1 {   1/Args} '(open+read+close)   ' ['/proc/549/cmdline'] ==>> N/A (07:42:12,07:42:12)
F=    -1 {   1/Orig} 'write               ' ['/dev/pts/2'] ==>> 82 (07:42:12,07:42:12)
F=    -1 {   1/Args} '(open+read+close)   ' ['/proc/566/stat'] ==>> N/A (07:42:12,07:42:12)
F=    -1 {   1/Args} '(open+read+close)   ' ['/proc/566/status'] ==>> N/A (07:42:12,07:42:12)
F=    -1 {   1/Args} '(open+read+close)   ' ['/proc/566/cmdline'] ==>> N/A (07:42:12,07:42:12)
F=    -1 {   1/Orig} 'write               ' ['/dev/pts/2'] ==>> 79 (07:42:12,07:42:12)
F=    -1 {   1/Args} '(open+read+close)   ' ['/proc/586/stat'] ==>> N/A (07:42:12,07:42:12)
F=    -1 {   1/Args} '(open+read+close)   ' ['/proc/586/status'] ==>> N/A (07:42:12,07:42:12)
F=    -1 {   1/Args} '(open+read+close)   ' ['/proc/586/cmdline'] ==>> N/A (07:42:12,07:42:12)
F=    -1 {   1/Orig} 'write               ' ['/dev/pts/2'] ==>> 61 (07:42:12,07:42:12)
F=    -1 {   1/Args} '(open+read+close)   ' ['/proc/620/stat'] ==>> N/A (07:42:12,07:42:12)
F=    -1 {   1/Args} '(open+read+close)   ' ['/proc/620/status'] ==>> N/A (07:42:12,07:42:12)
F=    -1 {   1/Args} '(open+read+close)   ' ['/proc/620/cmdline'] ==>> N/A (07:42:12,07:42:12)
F=    -1 {   1/Orig} 'write               ' ['/dev/pts/2'] ==>> 59 (07:42:12,07:42:12)
F=    -1 {   1/Args} '(open+read+close)   ' ['/proc/632/stat'] ==>> N/A (07:42:12,07:42:12)
F=    -1 {   1/Args} '(open+read+close)   ' ['/proc/632/status'] ==>> N/A (07:42:12,07:42:12)
F=    -1 {   1/Args} '(open+read+close)   ' ['/proc/632/cmdline'] ==>> N/A (07:42:12,07:42:12)
F=    -1 {   1/Orig} 'write               ' ['/dev/pts/2'] ==>> 69 (07:42:12,07:42:12)
F=    -1 {   1/Args} '(open+read+close)   ' ['/proc/634/stat'] ==>> N/A (07:42:12,07:42:12)
F=    -1 {   1/Args} '(open+read+close)   ' ['/proc/634/status'] ==>> N/A (07:42:12,07:42:12)
F=    -1 {   1/Orig} 'fstat               ' ['/var/lib/sss/mc/passwd'] ==>> 0 (07:42:12,07:42:12)
F=    -1 {   1/Args} '(open+read+close)   ' ['/proc/634/cmdline'] ==>> N/A (07:42:12,07:42:12)
F=    -1 {   1/Orig} 'write               ' ['/dev/pts/2'] ==>> 153 (07:42:12,07:42:12)
F=    -1 {   1/Args} '(open+read+close)   ' ['/proc/636/stat'] ==>> N/A (07:42:12,07:42:12)
F=    -1 {   1/Args} '(open+read+close)   ' ['/proc/636/status'] ==>> N/A (07:42:12,07:42:12)
F=    -1 {   1/Orig} 'fstat               ' ['/var/lib/sss/mc/passwd'] ==>> 0 (07:42:12,07:42:12)
F=    -1 {   1/Args} '(open+read+close)   ' ['/proc/636/cmdline'] ==>> N/A (07:42:12,07:42:12)
F=    -1 {   1/Orig} 'write               ' ['/dev/pts/2'] ==>> 66 (07:42:12,07:42:12)
F=    -1 {   1/Args} '(open+read+close)   ' ['/proc/656/stat'] ==>> N/A (07:42:12,07:42:12)
F=    -1 {   1/Args} '(open+read+close)   ' ['/proc/656/status'] ==>> N/A (07:42:12,07:42:12)
F=    -1 {   1/Args} '(open+read+close)   ' ['/proc/656/cmdline'] ==>> N/A (07:42:12,07:42:12)
F=    -1 {   1/Orig} 'write               ' ['/dev/pts/2'] ==>> 131 (07:42:12,07:42:12)
F=    -1 {   1/Args} '(open+read+close)   ' ['/proc/710/stat'] ==>> N/A (07:42:12,07:42:12)
F=    -1 {   1/Args} '(open+read+close)   ' ['/proc/710/status'] ==>> N/A (07:42:12,07:42:12)
F=    -1 {   1/Args} '(open+read+close)   ' ['/proc/710/cmdline'] ==>> N/A (07:42:12,07:42:12)
F=    -1 {   1/Orig} 'write               ' ['/dev/pts/2'] ==>> 108 (07:42:12,07:42:12)
F=    -1 {   1/Args} '(open+read+close)   ' ['/proc/719/stat'] ==>> N/A (07:42:12,07:42:12)
F=    -1 {   1/Args} '(open+read+close)   ' ['/proc/719/status'] ==>> N/A (07:42:12,07:42:12)
F=    -1 {   1/Args} '(open+read+close)   ' ['/proc/719/cmdline'] ==>> N/A (07:42:12,07:42:12)
F=    -1 {   1/Orig} 'write               ' ['/dev/pts/2'] ==>> 80 (07:42:12,07:42:12)
F=    -1 {   1/Args} '(open+read+close)   ' ['/proc/816/stat'] ==>> N/A (07:42:12,07:42:12)
F=    -1 {   1/Args} '(open+read+close)   ' ['/proc/816/status'] ==>> N/A (07:42:12,07:42:12)
F=    -1 {   1/Args} '(open+read+close)   ' ['/proc/816/cmdline'] ==>> N/A (07:42:12,07:42:12)
F=    -1 {   1/Orig} 'write               ' ['/dev/pts/2'] ==>> 161 (07:42:12,07:42:12)
F=    -1 {   1/Args} '(open+read+close)   ' ['/proc/916/stat'] ==>> N/A (07:42:12,07:42:12)
F=    -1 {   1/Args} '(open+read+close)   ' ['/proc/916/status'] ==>> N/A (07:42:12,07:42:12)
F=    -1 {   1/Args} '(open+read+close)   ' ['/proc/916/cmdline'] ==>> N/A (07:42:12,07:42:12)
F=    -1 {   1/Orig} 'write               ' ['/dev/pts/2'] ==>> 66 (07:42:12,07:42:12)
F=    -1 {   1/Args} '(open+read+close)   ' ['/proc/919/stat'] ==>> N/A (07:42:12,07:42:12)
F=    -1 {   1/Args} '(open+read+close)   ' ['/proc/919/status'] ==>> N/A (07:42:12,07:42:12)
F=    -1 {   1/Args} '(open+read+close)   ' ['/proc/919/cmdline'] ==>> N/A (07:42:12,07:42:12)
F=    -1 {   1/Args} '(open+read+close)   ' ['/proc/tty/drivers'] ==>> N/A (07:42:12,07:42:12)
F=    -1 {   1/Orig} 'write               ' ['/dev/pts/2'] ==>> 82 (07:42:12,07:42:12)
F=    -1 {   1/Args} '(open+read+close)   ' ['/proc/920/stat'] ==>> N/A (07:42:12,07:42:12)
F=    -1 {   1/Args} '(open+read+close)   ' ['/proc/920/status'] ==>> N/A (07:42:12,07:42:12)
F=    -1 {   1/Args} '(open+read+close)   ' ['/proc/920/cmdline'] ==>> N/A (07:42:12,07:42:12)
F=    -1 {   1/Orig} 'write               ' ['/dev/pts/2'] ==>> 103 (07:42:12,07:42:12)
F=    -1 {   1/Args} '(open+read+close)   ' ['/proc/921/stat'] ==>> N/A (07:42:12,07:42:12)
F=    -1 {   1/Args} '(open+read+close)   ' ['/proc/921/status'] ==>> N/A (07:42:12,07:42:12)
F=    -1 {   1/Args} '(open+read+close)   ' ['/proc/921/cmdline'] ==>> N/A (07:42:12,07:42:12)
F=    -1 {   1/Orig} 'write               ' ['/dev/pts/2'] ==>> 67 (07:42:12,07:42:12)
F=    -1 {   1/Args} '(open+read+close)   ' ['/proc/7504/stat'] ==>> N/A (07:42:12,07:42:12)
F=    -1 {   1/Args} '(open+read+close)   ' ['/proc/7504/status'] ==>> N/A (07:42:12,07:42:12)
F=    -1 {   1/Args} '(open+read+close)   ' ['/proc/7504/cmdline'] ==>> N/A (07:42:12,07:42:12)
F=    -1 {   1/Orig} 'write               ' ['/dev/pts/2'] ==>> 63 (07:42:12,07:42:12)
F=    -1 {   1/Args} '(open+read+close)   ' ['/proc/7657/stat'] ==>> N/A (07:42:12,07:42:12)
F=    -1 {   1/Args} '(open+read+close)   ' ['/proc/7657/status'] ==>> N/A (07:42:12,07:42:12)
F=    -1 {   1/Args} '(open+read+close)   ' ['/proc/7657/cmdline'] ==>> N/A (07:42:12,07:42:12)
F=    -1 {   1/Orig} 'write               ' ['/dev/pts/2'] ==>> 63 (07:42:12,07:42:12)
F=    -1 {   1/Args} '(open+read+close)   ' ['/proc/10101/stat'] ==>> N/A (07:42:12,07:42:12)
F=    -1 {   1/Args} '(open+read+close)   ' ['/proc/10101/status'] ==>> N/A (07:42:12,07:42:12)
F=    -1 {   1/Args} '(open+read+close)   ' ['/proc/10101/cmdline'] ==>> N/A (07:42:12,07:42:12)
F=    -1 {   1/Orig} 'write               ' ['/dev/pts/2'] ==>> 66 (07:42:12,07:42:12)
F=    -1 {   1/Args} '(open+read+close)   ' ['/proc/10105/stat'] ==>> N/A (07:42:12,07:42:12)
F=    -1 {   1/Args} '(open+read+close)   ' ['/proc/10105/status'] ==>> N/A (07:42:12,07:42:12)
F=    -1 {   1/Args} '(open+read+close)   ' ['/proc/10105/cmdline'] ==>> N/A (07:42:12,07:42:12)
F=    -1 {   1/Orig} 'write               ' ['/dev/pts/2'] ==>> 66 (07:42:12,07:42:12)
F=    -1 {   1/Args} '(open+read+close)   ' ['/proc/10108/stat'] ==>> N/A (07:42:12,07:42:12)
F=    -1 {   1/Args} '(open+read+close)   ' ['/proc/10108/status'] ==>> N/A (07:42:12,07:42:12)
F=    -1 {   1/Args} '(open+read+close)   ' ['/proc/10108/cmdline'] ==>> N/A (07:42:12,07:42:12)
F=    -1 {   1/Orig} 'write               ' ['/dev/pts/2'] ==>> 65 (07:42:12,07:42:12)
F=    -1 {   1/Args} '(open+read+close)   ' ['/proc/10111/stat'] ==>> N/A (07:42:12,07:42:12)
F=    -1 {   1/Args} '(open+read+close)   ' ['/proc/10111/status'] ==>> N/A (07:42:12,07:42:12)
F=    -1 {   1/Args} '(open+read+close)   ' ['/proc/10111/cmdline'] ==>> N/A (07:42:12,07:42:12)
F=    -1 {   1/Orig} 'write               ' ['/dev/pts/2'] ==>> 65 (07:42:12,07:42:12)
F=    -1 {   1/Args} '(open+read+close)   ' ['/proc/10114/stat'] ==>> N/A (07:42:12,07:42:12)
F=    -1 {   1/Args} '(open+read+close)   ' ['/proc/10114/status'] ==>> N/A (07:42:12,07:42:12)
F=    -1 {   1/Args} '(open+read+close)   ' ['/proc/10114/cmdline'] ==>> N/A (07:42:12,07:42:12)
F=    -1 {   1/Orig} 'write               ' ['/dev/pts/2'] ==>> 81 (07:42:12,07:42:12)
F=    -1 {   1/Args} '(open+read+close)   ' ['/proc/10125/stat'] ==>> N/A (07:42:12,07:42:12)
F=    -1 {   1/Args} '(open+read+close)   ' ['/proc/10125/status'] ==>> N/A (07:42:12,07:42:12)
F=    -1 {   1/Args} '(open+read+close)   ' ['/proc/10125/cmdline'] ==>> N/A (07:42:12,07:42:12)
F=    -1 {   1/Orig} 'write               ' ['/dev/pts/2'] ==>> 54 (07:42:12,07:42:12)
F=    -1 {   1/Args} '(open+read+close)   ' ['/proc/10146/stat'] ==>> N/A (07:42:12,07:42:12)
F=    -1 {   1/Args} '(open+read+close)   ' ['/proc/10146/status'] ==>> N/A (07:42:12,07:42:12)
F=    -1 {   1/Args} '(open+read+close)   ' ['/proc/10146/cmdline'] ==>> N/A (07:42:12,07:42:12)
F=    -1 {   1/Orig} 'write               ' ['/dev/pts/2'] ==>> 62 (07:42:12,07:42:12)
F=    -1 {   1/Args} '(open+read+close)   ' ['/proc/10147/stat'] ==>> N/A (07:42:12,07:42:12)
F=    -1 {   1/Args} '(open+read+close)   ' ['/proc/10147/status'] ==>> N/A (07:42:12,07:42:12)
F=    -1 {   1/Orig} 'fstat               ' ['/var/lib/sss/mc/passwd'] ==>> 0 (07:42:12,07:42:12)
F=    -1 {   1/Args} '(open+read+close)   ' ['/proc/10147/cmdline'] ==>> N/A (07:42:12,07:42:12)
F=    -1 {   1/Orig} 'write               ' ['/dev/pts/2'] ==>> 54 (07:42:12,07:42:12)
F=    -1 {   1/Args} '(open+read+close)   ' ['/proc/10172/stat'] ==>> N/A (07:42:12,07:42:12)
F=    -1 {   1/Args} '(open+read+close)   ' ['/proc/10172/status'] ==>> N/A (07:42:12,07:42:12)
F=    -1 {   1/Args} '(open+read+close)   ' ['/proc/10172/cmdline'] ==>> N/A (07:42:12,07:42:12)
F=    -1 {   1/Orig} 'write               ' ['/dev/pts/2'] ==>> 66 (07:42:12,07:42:12)
F=    -1 {   1/Args} '(open+read+close)   ' ['/proc/10176/stat'] ==>> N/A (07:42:12,07:42:12)
F=    -1 {   1/Args} '(open+read+close)   ' ['/proc/10176/status'] ==>> N/A (07:42:12,07:42:12)
F=    -1 {   1/Args} '(open+read+close)   ' ['/proc/10176/cmdline'] ==>> N/A (07:42:12,07:42:12)
F=    -1 {   1/Orig} 'write               ' ['/dev/pts/2'] ==>> 66 (07:42:12,07:42:12)
F=    -1 {   1/Args} '(open+read+close)   ' ['/proc/10178/stat'] ==>> N/A (07:42:12,07:42:12)
F=    -1 {   1/Args} '(open+read+close)   ' ['/proc/10178/status'] ==>> N/A (07:42:12,07:42:12)
F=    -1 {   1/Args} '(open+read+close)   ' ['/proc/10178/cmdline'] ==>> N/A (07:42:12,07:42:12)
F=    -1 {   1/Orig} 'write               ' ['/dev/pts/2'] ==>> 65 (07:42:12,07:42:12)
F=    -1 {   1/Args} '(open+read+close)   ' ['/proc/10181/stat'] ==>> N/A (07:42:12,07:42:12)
F=    -1 {   1/Args} '(open+read+close)   ' ['/proc/10181/status'] ==>> N/A (07:42:12,07:42:12)
F=    -1 {   1/Args} '(open+read+close)   ' ['/proc/10181/cmdline'] ==>> N/A (07:42:12,07:42:12)
F=    -1 {   1/Orig} 'write               ' ['/dev/pts/2'] ==>> 65 (07:42:12,07:42:12)
F=    -1 {   1/Args} '(open+read+close)   ' ['/proc/10182/stat'] ==>> N/A (07:42:12,07:42:12)
F=    -1 {   1/Args} '(open+read+close)   ' ['/proc/10182/status'] ==>> N/A (07:42:12,07:42:12)
F=    -1 {   1/Args} '(open+read+close)   ' ['/proc/10182/cmdline'] ==>> N/A (07:42:12,07:42:12)
F=    -1 {   1/Orig} 'write               ' ['/dev/pts/2'] ==>> 81 (07:42:12,07:42:12)
F=    -1 {   1/Args} '(open+read+close)   ' ['/proc/10193/stat'] ==>> N/A (07:42:12,07:42:12)
F=    -1 {   1/Args} '(open+read+close)   ' ['/proc/10193/status'] ==>> N/A (07:42:12,07:42:12)
F=    -1 {   1/Args} '(open+read+close)   ' ['/proc/10193/cmdline'] ==>> N/A (07:42:12,07:42:12)
F=    -1 {   1/Orig} 'write               ' ['/dev/pts/2'] ==>> 54 (07:42:12,07:42:12)
F=    -1 {   1/Args} '(open+read+close)   ' ['/proc/10214/stat'] ==>> N/A (07:42:12,07:42:12)
F=    -1 {   1/Args} '(open+read+close)   ' ['/proc/10214/status'] ==>> N/A (07:42:12,07:42:12)
F=    -1 {   1/Args} '(open+read+close)   ' ['/proc/10214/cmdline'] ==>> N/A (07:42:12,07:42:12)
F=    -1 {   1/Orig} 'write               ' ['/dev/pts/2'] ==>> 62 (07:42:12,07:42:12)
F=    -1 {   1/Args} '(open+read+close)   ' ['/proc/10215/stat'] ==>> N/A (07:42:12,07:42:12)
F=    -1 {   1/Args} '(open+read+close)   ' ['/proc/10215/status'] ==>> N/A (07:42:12,07:42:12)
F=    -1 {   1/Args} '(open+read+close)   ' ['/proc/10215/cmdline'] ==>> N/A (07:42:12,07:42:12)
F=    -1 {   1/Orig} 'write               ' ['/dev/pts/2'] ==>> 54 (07:42:12,07:42:12)
F=    -1 {   1/Args} '(open+read+close)   ' ['/proc/10243/stat'] ==>> N/A (07:42:12,07:42:12)
F=    -1 {   1/Args} '(open+read+close)   ' ['/proc/10243/status'] ==>> N/A (07:42:12,07:42:12)
F=    -1 {   1/Args} '(open+read+close)   ' ['/proc/10243/cmdline'] ==>> N/A (07:42:12,07:42:12)
F=    -1 {   1/Orig} 'write               ' ['/dev/pts/2'] ==>> 66 (07:42:12,07:42:12)
F=    -1 {   1/Args} '(open+read+close)   ' ['/proc/10481/stat'] ==>> N/A (07:42:12,07:42:12)
F=    -1 {   1/Args} '(open+read+close)   ' ['/proc/10481/status'] ==>> N/A (07:42:12,07:42:12)
F=    -1 {   1/Args} '(open+read+close)   ' ['/proc/10481/cmdline'] ==>> N/A (07:42:12,07:42:12)
F=    -1 {   1/Orig} 'write               ' ['/dev/pts/2'] ==>> 62 (07:42:12,07:42:12)
F=    -1 {   1/Args} '(open+read+close)   ' ['/proc/13683/stat'] ==>> N/A (07:42:12,07:42:12)
F=    -1 {   1/Args} '(open+read+close)   ' ['/proc/13683/status'] ==>> N/A (07:42:12,07:42:12)
F=    -1 {   1/Args} '(open+read+close)   ' ['/proc/13683/cmdline'] ==>> N/A (07:42:12,07:42:12)
F=    -1 {   1/Orig} 'write               ' ['/dev/pts/2'] ==>> 133 (07:42:12,07:42:12)
F=    -1 {   1/Args} '(open+read+close)   ' ['/proc/13685/stat'] ==>> N/A (07:42:12,07:42:12)
F=    -1 {   1/Args} '(open+read+close)   ' ['/proc/13685/status'] ==>> N/A (07:42:12,07:42:12)
F=    -1 {   1/Args} '(open+read+close)   ' ['/proc/13685/cmdline'] ==>> N/A (07:42:12,07:42:12)
F=    -1 {   1/Orig} 'write               ' ['/dev/pts/2'] ==>> 55 (07:42:12,07:42:12)
F=    -1 {   1/Args} '(open+read+close)   ' ['/proc/25798/stat'] ==>> N/A (07:42:12,07:42:12)
F=    -1 {   1/Args} '(open+read+close)   ' ['/proc/25798/status'] ==>> N/A (07:42:12,07:42:12)
F=    -1 {   1/Args} '(open+read+close)   ' ['/proc/25798/cmdline'] ==>> N/A (07:42:12,07:42:12)
F=    -1 {   1/Orig} 'write               ' ['/dev/pts/2'] ==>> 80 (07:42:12,07:42:12)
F=    -1 {   1/Args} '(open+read+close)   ' ['/proc/25800/stat'] ==>> N/A (07:42:12,07:42:12)
F=    -1 {   1/Args} '(open+read+close)   ' ['/proc/25800/status'] ==>> N/A (07:42:12,07:42:12)
F=    -1 {   1/Args} '(open+read+close)   ' ['/proc/25800/cmdline'] ==>> N/A (07:42:12,07:42:12)
F=    -1 {   1/Orig} 'write               ' ['/dev/pts/2'] ==>> 57 (07:42:12,07:42:12)
F=    -1 {   1/Args} '(open+read+close)   ' ['/proc/32110/stat'] ==>> N/A (07:42:12,07:42:12)
F=    -1 {   1/Args} '(open+read+close)   ' ['/proc/32110/status'] ==>> N/A (07:42:12,07:42:12)
F=    -1 {   1/Args} '(open+read+close)   ' ['/proc/32110/cmdline'] ==>> N/A (07:42:12,07:42:12)
F=    -1 {   1/Orig} 'write               ' ['/dev/pts/2'] ==>> 62 (07:42:12,07:42:12)
F=    -1 {   1/Args} '(getdents+close)    ' ['/proc'] ==>> N/A (07:42:12,07:42:12)
F=    -1 {   1/Orig} 'close               ' ['/dev/pts/2'] ==>> 0 (07:42:12,07:42:12)
F=    -1 {   1/Orig} 'close               ' ['/home/rchateau/survol/Experimental/RetroBatch/mineit_ps_ef.log'] ==>> 0 (07:42:12,07:42:12)
F=    -1 {   1/Orig} 'exit_group          ' [] ==>>  (07:42:12,07:42:12)
