
================== PID=-1
F=    -1 {   1/Orig} 'execve              ' ['/usr/bin/cp', ['cp', 'mineit_find_grep.log', 'tutu']] ==>> 0 (22:41:19,22:41:19)
F=    -1 {   1/Args} '(open+fstat+mmap+close)' ['/etc/ld.so.cache'] ==>> N/A (22:41:19,22:41:19)
F=    -1 {   1/Orig} 'open                ' ['/lib64/libselinux.so.1'] ==>> 3</usr/lib64/libselinux.so.1> (22:41:19,22:41:19)
F=    -1 {   1/Args} '(read+fstat+mmap+close)' ['/usr/lib64/libselinux.so.1'] ==>> N/A (22:41:19,22:41:19)
F=    -1 {   1/Orig} 'open                ' ['/lib64/libacl.so.1'] ==>> 3</usr/lib64/libacl.so.1.1.0> (22:41:19,22:41:19)
F=    -1 {   1/Args} '(read+fstat+mmap+close)' ['/usr/lib64/libacl.so.1.1.0'] ==>> N/A (22:41:19,22:41:19)
F=    -1 {   1/Orig} 'open                ' ['/lib64/libattr.so.1'] ==>> 3</usr/lib64/libattr.so.1.1.0> (22:41:19,22:41:19)
F=    -1 {   1/Args} '(read+fstat+mmap+close)' ['/usr/lib64/libattr.so.1.1.0'] ==>> N/A (22:41:19,22:41:19)
F=    -1 {   1/Orig} 'open                ' ['/lib64/libc.so.6'] ==>> 3</usr/lib64/libc-2.25.so> (22:41:19,22:41:19)
F=    -1 {   1/Args} '(read+fstat+mmap+close)' ['/usr/lib64/libc-2.25.so'] ==>> N/A (22:41:19,22:41:19)
F=    -1 {   1/Orig} 'open                ' ['/lib64/libpcre.so.1'] ==>> 3</usr/lib64/libpcre.so.1.2.8> (22:41:19,22:41:19)
F=    -1 {   1/Args} '(read+fstat+mmap+close)' ['/usr/lib64/libpcre.so.1.2.8'] ==>> N/A (22:41:19,22:41:19)
F=    -1 {   1/Orig} 'open                ' ['/lib64/libdl.so.2'] ==>> 3</usr/lib64/libdl-2.25.so> (22:41:19,22:41:19)
F=    -1 {   1/Args} '(read+fstat+mmap+close)' ['/usr/lib64/libdl-2.25.so'] ==>> N/A (22:41:19,22:41:19)
F=    -1 {   1/Orig} 'open                ' ['/lib64/libpthread.so.0'] ==>> 3</usr/lib64/libpthread-2.25.so> (22:41:19,22:41:19)
F=    -1 {   1/Args} '(read+fstat+mmap+close)' ['/usr/lib64/libpthread-2.25.so'] ==>> N/A (22:41:19,22:41:19)
F=    -1 {   1/Orig} 'munmap              ' [] ==>> 0 (22:41:19,22:41:19)
F=    -1 {   1/Orig} 'open                ' ['/usr/lib/locale/locale-archive'] ==>> 3</usr/lib/locale/locale-archive> (22:41:19,22:41:19)
F=    -1 {   1/Rept} '(fstat+mmap+close+open+fstat+open+fstat+fadvise64)' ['/usr/lib/locale/locale-archive', 'mineit_find_grep.log', '/home/rchateau/survol/Experimental/RetroBatch/mineit_find_grep.log', 'tutu', '/home/rchateau/survol/Experimental/RetroBatch/tutu', '3</home/rchateau/survol/Experimental/RetroBatch/mineit_find_grep.log>', '0', 'POSIX_FADV_SEQUENTIAL'] ==>> N/A (22:41:19,22:41:19)
F=    -1 {   1/Args} '((read+write+read+write)+(read+write+read+write)+(read+write+read+write)+(read+write+read+write)+(read+write+read+write)+(read+write+read+write)+(read+write+read+write)+(read+write)+(read+write))' ['/home/rchateau/survol/Experimental/RetroBatch/mineit_find_grep.log', '/home/rchateau/survol/Experimental/RetroBatch/tutu'] ==>> N/A (22:41:19,22:41:19)
F=    -1 {   1/Orig} 'read                ' ['/home/rchateau/survol/Experimental/RetroBatch/mineit_find_grep.log'] ==>> 52671 (22:41:19,22:41:19)
F=    -1 {   1/Orig} 'write               ' ['/home/rchateau/survol/Experimental/RetroBatch/tutu'] ==>> 52671 (22:41:19,22:41:19)
F=    -1 {   1/Orig} 'read                ' ['/home/rchateau/survol/Experimental/RetroBatch/mineit_find_grep.log'] ==>> 0 (22:41:19,22:41:19)
F=    -1 {   1/Orig} 'close               ' ['/home/rchateau/survol/Experimental/RetroBatch/tutu'] ==>> 0 (22:41:19,22:41:19)
F=    -1 {   1/Orig} 'close               ' ['/home/rchateau/survol/Experimental/RetroBatch/mineit_find_grep.log'] ==>> 0 (22:41:19,22:41:19)
F=    -1 {   1/Orig} 'munmap              ' [] ==>> 0 (22:41:19,22:41:19)
F=    -1 {   2/Orig} 'close               ' ['/dev/pts/2'] ==>> 0 (22:41:19,22:41:19)
F=    -1 {   1/Orig} 'close               ' ['/home/rchateau/survol/Experimental/RetroBatch/mineit_copy_bigfile.log'] ==>> 0 (22:41:19,22:41:19)
F=    -1 {   1/Orig} 'exit_group          ' [] ==>>  (22:41:19,22:41:19)
